;  LST file generated by mikroListExporter - v.2.0 
; Date/Time: 12/6/2025 12:26:37 AM
;----------------------------------------------

;Address Opcode 	ASM
0x0000	0x2CB7      	GOTO       1207
_interrupt:
0x0004	0x00FF      	MOVWF      R15
0x0005	0x0E03      	SWAPF      STATUS, 0
0x0006	0x0183      	CLRF       STATUS
0x0007	0x00D4      	MOVWF      ___saveSTATUS
0x0008	0x080A      	MOVF       PCLATH, 0
0x0009	0x00D5      	MOVWF      ___savePCLATH
0x000A	0x018A      	CLRF       PCLATH
;MyProject.c,275 :: 		void interrupt(){
;MyProject.c,276 :: 		}
L_end_interrupt:
L__interrupt96:
0x000B	0x0855      	MOVF       ___savePCLATH, 0
0x000C	0x008A      	MOVWF      PCLATH
0x000D	0x0E54      	SWAPF      ___saveSTATUS, 0
0x000E	0x0083      	MOVWF      STATUS
0x000F	0x0EFF      	SWAPF      R15, 1
0x0010	0x0E7F      	SWAPF      R15, 0
0x0011	0x0009      	RETFIE
; end of _interrupt
_Delay_50us:
;__Lib_Delays.c,19 :: 		void Delay_50us() {
;__Lib_Delays.c,20 :: 		Delay_us(50);
0x0012	0x3021      	MOVLW      33
0x0013	0x1283      	BCF        STATUS, 5
0x0014	0x1303      	BCF        STATUS, 6
0x0015	0x00FD      	MOVWF      R13
L_Delay_50us2:
0x0016	0x0BFD      	DECFSZ     R13, 1
0x0017	0x2816      	GOTO       L_Delay_50us2
;__Lib_Delays.c,21 :: 		}
L_end_Delay_50us:
0x0018	0x0008      	RETURN
; end of _Delay_50us
_Delay_1us:
;__Lib_Delays.c,7 :: 		void Delay_1us() {
;__Lib_Delays.c,8 :: 		Delay_us(1);
0x0019	0x0000      	NOP
0x001A	0x0000      	NOP
;__Lib_Delays.c,9 :: 		}
L_end_Delay_1us:
0x001B	0x0008      	RETURN
; end of _Delay_1us
_Delay_5500us:
;__Lib_Delays.c,31 :: 		void Delay_5500us() {
;__Lib_Delays.c,32 :: 		Delay_us(5500);
0x001C	0x300F      	MOVLW      15
0x001D	0x1283      	BCF        STATUS, 5
0x001E	0x1303      	BCF        STATUS, 6
0x001F	0x00FC      	MOVWF      R12
0x0020	0x3047      	MOVLW      71
0x0021	0x00FD      	MOVWF      R13
L_Delay_5500us5:
0x0022	0x0BFD      	DECFSZ     R13, 1
0x0023	0x2822      	GOTO       L_Delay_5500us5
0x0024	0x0BFC      	DECFSZ     R12, 1
0x0025	0x2822      	GOTO       L_Delay_5500us5
0x0026	0x0000      	NOP
0x0027	0x0000      	NOP
;__Lib_Delays.c,33 :: 		}
L_end_Delay_5500us:
0x0028	0x0008      	RETURN
; end of _Delay_5500us
_UpdateGarageLEDs:
;MyProject.c,85 :: 		void UpdateGarageLEDs(unsigned int angle){
;MyProject.c,86 :: 		if(angle == 0){
0x0029	0x3000      	MOVLW      0
0x002A	0x1683      	BSF        STATUS, 5
0x002B	0x1303      	BCF        STATUS, 6
0x002C	0x0630      	XORWF      FARG_UpdateGarageLEDs_angle+1, 0
0x002D	0x1D03      	BTFSS      STATUS, 2
0x002E	0x2831      	GOTO       L__UpdateGarageLEDs78
0x002F	0x3000      	MOVLW      0
0x0030	0x062F      	XORWF      FARG_UpdateGarageLEDs_angle, 0
L__UpdateGarageLEDs78:
0x0031	0x1D03      	BTFSS      STATUS, 2
0x0032	0x2837      	GOTO       L_UpdateGarageLEDs14
;MyProject.c,87 :: 		LED_RED = 1;
0x0033	0x1283      	BCF        STATUS, 5
0x0034	0x1485      	BSF        RA1_bit, BitPos(RA1_bit+0)
;MyProject.c,88 :: 		LED_GREEN = 0;
0x0035	0x1005      	BCF        RA0_bit, BitPos(RA0_bit+0)
;MyProject.c,89 :: 		}
0x0036	0x2843      	GOTO       L_UpdateGarageLEDs15
L_UpdateGarageLEDs14:
;MyProject.c,90 :: 		else if(angle == 90){
0x0037	0x3000      	MOVLW      0
0x0038	0x1683      	BSF        STATUS, 5
0x0039	0x0630      	XORWF      FARG_UpdateGarageLEDs_angle+1, 0
0x003A	0x1D03      	BTFSS      STATUS, 2
0x003B	0x283E      	GOTO       L__UpdateGarageLEDs79
0x003C	0x305A      	MOVLW      90
0x003D	0x062F      	XORWF      FARG_UpdateGarageLEDs_angle, 0
L__UpdateGarageLEDs79:
0x003E	0x1D03      	BTFSS      STATUS, 2
0x003F	0x2843      	GOTO       L_UpdateGarageLEDs16
;MyProject.c,91 :: 		LED_RED = 0;
0x0040	0x1283      	BCF        STATUS, 5
0x0041	0x1085      	BCF        RA1_bit, BitPos(RA1_bit+0)
;MyProject.c,92 :: 		LED_GREEN = 1;
0x0042	0x1405      	BSF        RA0_bit, BitPos(RA0_bit+0)
;MyProject.c,93 :: 		}
L_UpdateGarageLEDs16:
L_UpdateGarageLEDs15:
;MyProject.c,94 :: 		}
L_end_UpdateGarageLEDs:
0x0043	0x0008      	RETURN
; end of _UpdateGarageLEDs
_Div_16x16_U:
;__Lib_Math.c,215 :: 		
;__Lib_Math.c,222 :: 		
0x0044	0x1283      	BCF        STATUS, 5
;__Lib_Math.c,223 :: 		
0x0045	0x1303      	BCF        STATUS, 6
;__Lib_Math.c,224 :: 		
0x0046	0x01F8      	CLRF       R8
;__Lib_Math.c,225 :: 		
0x0047	0x01F9      	CLRF       R9
;__Lib_Math.c,226 :: 		
0x0048	0x3010      	MOVLW      16
;__Lib_Math.c,227 :: 		
0x0049	0x00FC      	MOVWF      R12
;__Lib_Math.c,228 :: 		
0x004A	0x0D71      	RLF        R1, 0
;__Lib_Math.c,229 :: 		
0x004B	0x0DF8      	RLF        R8, 1
;__Lib_Math.c,230 :: 		
0x004C	0x0DF9      	RLF        R9, 1
;__Lib_Math.c,231 :: 		
0x004D	0x0874      	MOVF       R4, 0
;__Lib_Math.c,232 :: 		
0x004E	0x02F8      	SUBWF      R8, 1
;__Lib_Math.c,233 :: 		
0x004F	0x0875      	MOVF       R5, 0
;__Lib_Math.c,234 :: 		
0x0050	0x1C03      	BTFSS      STATUS, 0
;__Lib_Math.c,235 :: 		
0x0051	0x0F75      	INCFSZ     R5, 0
;__Lib_Math.c,236 :: 		
0x0052	0x02F9      	SUBWF      R9, 1
;__Lib_Math.c,237 :: 		
0x0053	0x1803      	BTFSC      STATUS, 0
;__Lib_Math.c,238 :: 		
0x0054	0x285C      	GOTO       $+8
;__Lib_Math.c,239 :: 		
0x0055	0x0874      	MOVF       R4, 0
;__Lib_Math.c,240 :: 		
0x0056	0x07F8      	ADDWF      R8, 1
;__Lib_Math.c,241 :: 		
0x0057	0x0875      	MOVF       R5, 0
;__Lib_Math.c,242 :: 		
0x0058	0x1803      	BTFSC      STATUS, 0
;__Lib_Math.c,243 :: 		
0x0059	0x0F75      	INCFSZ     R5, 0
;__Lib_Math.c,244 :: 		
0x005A	0x07F9      	ADDWF      R9, 1
;__Lib_Math.c,245 :: 		
0x005B	0x1003      	BCF        STATUS, 0
;__Lib_Math.c,246 :: 		
0x005C	0x0DF0      	RLF        R0, 1
;__Lib_Math.c,247 :: 		
0x005D	0x0DF1      	RLF        R1, 1
;__Lib_Math.c,248 :: 		
0x005E	0x0BFC      	DECFSZ     R12, 1
;__Lib_Math.c,249 :: 		
0x005F	0x284A      	GOTO       $-21
;__Lib_Math.c,251 :: 		
L_end_Div_16x16_U:
0x0060	0x0008      	RETURN
; end of _Div_16x16_U
_Lcd_Cmd:
;__Lib_Lcd.c,18 :: 		
;__Lib_Lcd.c,20 :: 		
0x0061	0x1683      	BSF        STATUS, 5
0x0062	0x1303      	BCF        STATUS, 6
0x0063	0x1BAF      	BTFSC      FARG_Lcd_Cmd_out_char, 7
0x0064	0x2868      	GOTO       L__Lcd_Cmd21
0x0065	0x1283      	BCF        STATUS, 5
0x0066	0x1388      	BCF        LCD_D7, BitPos(LCD_D7+0)
0x0067	0x286A      	GOTO       L__Lcd_Cmd22
L__Lcd_Cmd21:
0x0068	0x1283      	BCF        STATUS, 5
0x0069	0x1788      	BSF        LCD_D7, BitPos(LCD_D7+0)
L__Lcd_Cmd22:
;__Lib_Lcd.c,21 :: 		
0x006A	0x1683      	BSF        STATUS, 5
0x006B	0x1B2F      	BTFSC      FARG_Lcd_Cmd_out_char, 6
0x006C	0x2870      	GOTO       L__Lcd_Cmd23
0x006D	0x1283      	BCF        STATUS, 5
0x006E	0x1308      	BCF        LCD_D6, BitPos(LCD_D6+0)
0x006F	0x2872      	GOTO       L__Lcd_Cmd24
L__Lcd_Cmd23:
0x0070	0x1283      	BCF        STATUS, 5
0x0071	0x1708      	BSF        LCD_D6, BitPos(LCD_D6+0)
L__Lcd_Cmd24:
;__Lib_Lcd.c,22 :: 		
0x0072	0x1683      	BSF        STATUS, 5
0x0073	0x1AAF      	BTFSC      FARG_Lcd_Cmd_out_char, 5
0x0074	0x2878      	GOTO       L__Lcd_Cmd25
0x0075	0x1283      	BCF        STATUS, 5
0x0076	0x1288      	BCF        LCD_D5, BitPos(LCD_D5+0)
0x0077	0x287A      	GOTO       L__Lcd_Cmd26
L__Lcd_Cmd25:
0x0078	0x1283      	BCF        STATUS, 5
0x0079	0x1688      	BSF        LCD_D5, BitPos(LCD_D5+0)
L__Lcd_Cmd26:
;__Lib_Lcd.c,23 :: 		
0x007A	0x1683      	BSF        STATUS, 5
0x007B	0x1A2F      	BTFSC      FARG_Lcd_Cmd_out_char, 4
0x007C	0x2880      	GOTO       L__Lcd_Cmd27
0x007D	0x1283      	BCF        STATUS, 5
0x007E	0x1208      	BCF        LCD_D4, BitPos(LCD_D4+0)
0x007F	0x2882      	GOTO       L__Lcd_Cmd28
L__Lcd_Cmd27:
0x0080	0x1283      	BCF        STATUS, 5
0x0081	0x1608      	BSF        LCD_D4, BitPos(LCD_D4+0)
L__Lcd_Cmd28:
;__Lib_Lcd.c,25 :: 		
0x0082	0x1853      	BTFSC      __Lib_Lcd_cmd_status, BitPos(__Lib_Lcd_cmd_status+0)
0x0083	0x2886      	GOTO       L__Lcd_Cmd29
0x0084	0x1508      	BSF        LCD_RS, BitPos(LCD_RS+0)
0x0085	0x2887      	GOTO       L__Lcd_Cmd30
L__Lcd_Cmd29:
0x0086	0x1108      	BCF        LCD_RS, BitPos(LCD_RS+0)
L__Lcd_Cmd30:
;__Lib_Lcd.c,28 :: 		
0x0087	0x1588      	BSF        LCD_EN, BitPos(LCD_EN+0)
;__Lib_Lcd.c,29 :: 		
0x0088	0x2019      	CALL       _Delay_1us
;__Lib_Lcd.c,30 :: 		
0x0089	0x1188      	BCF        LCD_EN, BitPos(LCD_EN+0)
;__Lib_Lcd.c,33 :: 		
0x008A	0x1683      	BSF        STATUS, 5
0x008B	0x19AF      	BTFSC      FARG_Lcd_Cmd_out_char, 3
0x008C	0x2890      	GOTO       L__Lcd_Cmd31
0x008D	0x1283      	BCF        STATUS, 5
0x008E	0x1388      	BCF        LCD_D7, BitPos(LCD_D7+0)
0x008F	0x2892      	GOTO       L__Lcd_Cmd32
L__Lcd_Cmd31:
0x0090	0x1283      	BCF        STATUS, 5
0x0091	0x1788      	BSF        LCD_D7, BitPos(LCD_D7+0)
L__Lcd_Cmd32:
;__Lib_Lcd.c,34 :: 		
0x0092	0x1683      	BSF        STATUS, 5
0x0093	0x192F      	BTFSC      FARG_Lcd_Cmd_out_char, 2
0x0094	0x2898      	GOTO       L__Lcd_Cmd33
0x0095	0x1283      	BCF        STATUS, 5
0x0096	0x1308      	BCF        LCD_D6, BitPos(LCD_D6+0)
0x0097	0x289A      	GOTO       L__Lcd_Cmd34
L__Lcd_Cmd33:
0x0098	0x1283      	BCF        STATUS, 5
0x0099	0x1708      	BSF        LCD_D6, BitPos(LCD_D6+0)
L__Lcd_Cmd34:
;__Lib_Lcd.c,35 :: 		
0x009A	0x1683      	BSF        STATUS, 5
0x009B	0x18AF      	BTFSC      FARG_Lcd_Cmd_out_char, 1
0x009C	0x28A0      	GOTO       L__Lcd_Cmd35
0x009D	0x1283      	BCF        STATUS, 5
0x009E	0x1288      	BCF        LCD_D5, BitPos(LCD_D5+0)
0x009F	0x28A2      	GOTO       L__Lcd_Cmd36
L__Lcd_Cmd35:
0x00A0	0x1283      	BCF        STATUS, 5
0x00A1	0x1688      	BSF        LCD_D5, BitPos(LCD_D5+0)
L__Lcd_Cmd36:
;__Lib_Lcd.c,36 :: 		
0x00A2	0x1683      	BSF        STATUS, 5
0x00A3	0x182F      	BTFSC      FARG_Lcd_Cmd_out_char, 0
0x00A4	0x28A8      	GOTO       L__Lcd_Cmd37
0x00A5	0x1283      	BCF        STATUS, 5
0x00A6	0x1208      	BCF        LCD_D4, BitPos(LCD_D4+0)
0x00A7	0x28AA      	GOTO       L__Lcd_Cmd38
L__Lcd_Cmd37:
0x00A8	0x1283      	BCF        STATUS, 5
0x00A9	0x1608      	BSF        LCD_D4, BitPos(LCD_D4+0)
L__Lcd_Cmd38:
;__Lib_Lcd.c,38 :: 		
0x00AA	0x1853      	BTFSC      __Lib_Lcd_cmd_status, BitPos(__Lib_Lcd_cmd_status+0)
0x00AB	0x28AE      	GOTO       L__Lcd_Cmd39
0x00AC	0x1508      	BSF        LCD_RS, BitPos(LCD_RS+0)
0x00AD	0x28AF      	GOTO       L__Lcd_Cmd40
L__Lcd_Cmd39:
0x00AE	0x1108      	BCF        LCD_RS, BitPos(LCD_RS+0)
L__Lcd_Cmd40:
;__Lib_Lcd.c,40 :: 		
0x00AF	0x1588      	BSF        LCD_EN, BitPos(LCD_EN+0)
;__Lib_Lcd.c,41 :: 		
0x00B0	0x2019      	CALL       _Delay_1us
;__Lib_Lcd.c,42 :: 		
0x00B1	0x1188      	BCF        LCD_EN, BitPos(LCD_EN+0)
;__Lib_Lcd.c,44 :: 		
0x00B2	0x1C53      	BTFSS      __Lib_Lcd_cmd_status, BitPos(__Lib_Lcd_cmd_status+0)
0x00B3	0x28B6      	GOTO       L_Lcd_Cmd0
;__Lib_Lcd.c,45 :: 		
0x00B4	0x201C      	CALL       _Delay_5500us
0x00B5	0x28B7      	GOTO       L_Lcd_Cmd1
L_Lcd_Cmd0:
;__Lib_Lcd.c,47 :: 		
0x00B6	0x2012      	CALL       _Delay_50us
L_Lcd_Cmd1:
;__Lib_Lcd.c,48 :: 		
L_end_Lcd_Cmd:
0x00B7	0x0008      	RETURN
; end of _Lcd_Cmd
_Mul_16x16_U:
;__Lib_Math.c,136 :: 		
;__Lib_Math.c,143 :: 		
0x00B8	0x1283      	BCF        STATUS, 5
;__Lib_Math.c,144 :: 		
0x00B9	0x1303      	BCF        STATUS, 6
;__Lib_Math.c,145 :: 		
0x00BA	0x01FB      	CLRF       R11
;__Lib_Math.c,146 :: 		
0x00BB	0x01FA      	CLRF       R10
;__Lib_Math.c,147 :: 		
0x00BC	0x01F9      	CLRF       R9
;__Lib_Math.c,148 :: 		
0x00BD	0x3080      	MOVLW      128
;__Lib_Math.c,149 :: 		
0x00BE	0x00F8      	MOVWF      R8
;__Lib_Math.c,150 :: 		
0x00BF	0x0CF1      	RRF        R1, 1
;__Lib_Math.c,151 :: 		
0x00C0	0x0CF0      	RRF        R0, 1
;__Lib_Math.c,152 :: 		
0x00C1	0x1C03      	BTFSS      STATUS, 0
;__Lib_Math.c,153 :: 		
0x00C2	0x28CC      	GOTO       $+10
;__Lib_Math.c,154 :: 		
0x00C3	0x0874      	MOVF       R4, 0
;__Lib_Math.c,155 :: 		
0x00C4	0x07F9      	ADDWF      R9, 1
;__Lib_Math.c,156 :: 		
0x00C5	0x0875      	MOVF       R5, 0
;__Lib_Math.c,157 :: 		
0x00C6	0x1803      	BTFSC      STATUS, 0
;__Lib_Math.c,158 :: 		
0x00C7	0x0F75      	INCFSZ     R5, 0
;__Lib_Math.c,159 :: 		
0x00C8	0x07FA      	ADDWF      R10, 1
;__Lib_Math.c,160 :: 		
0x00C9	0x1803      	BTFSC      STATUS, 0
;__Lib_Math.c,161 :: 		
0x00CA	0x0AFB      	INCF       R11, 1
;__Lib_Math.c,162 :: 		
0x00CB	0x1003      	BCF        STATUS, 0
;__Lib_Math.c,163 :: 		
0x00CC	0x1FF0      	BTFSS      R0, 7
;__Lib_Math.c,164 :: 		
0x00CD	0x28D4      	GOTO       $+7
;__Lib_Math.c,165 :: 		
0x00CE	0x0874      	MOVF       R4, 0
;__Lib_Math.c,166 :: 		
0x00CF	0x07FA      	ADDWF      R10, 1
;__Lib_Math.c,167 :: 		
0x00D0	0x0875      	MOVF       R5, 0
;__Lib_Math.c,168 :: 		
0x00D1	0x1803      	BTFSC      STATUS, 0
;__Lib_Math.c,169 :: 		
0x00D2	0x0F75      	INCFSZ     R5, 0
;__Lib_Math.c,170 :: 		
0x00D3	0x07FB      	ADDWF      R11, 1
;__Lib_Math.c,171 :: 		
0x00D4	0x0CFB      	RRF        R11, 1
;__Lib_Math.c,172 :: 		
0x00D5	0x0CFA      	RRF        R10, 1
;__Lib_Math.c,173 :: 		
0x00D6	0x0CF9      	RRF        R9, 1
;__Lib_Math.c,174 :: 		
0x00D7	0x0CF8      	RRF        R8, 1
;__Lib_Math.c,175 :: 		
0x00D8	0x1C03      	BTFSS      STATUS, 0
;__Lib_Math.c,176 :: 		
0x00D9	0x28BF      	GOTO       $-26
;__Lib_Math.c,177 :: 		
0x00DA	0x087B      	MOVF       R11, 0
;__Lib_Math.c,178 :: 		
0x00DB	0x00F3      	MOVWF      R3
;__Lib_Math.c,179 :: 		
0x00DC	0x087A      	MOVF       R10, 0
;__Lib_Math.c,180 :: 		
0x00DD	0x00F2      	MOVWF      R2
;__Lib_Math.c,181 :: 		
0x00DE	0x0879      	MOVF       R9, 0
;__Lib_Math.c,182 :: 		
0x00DF	0x00F1      	MOVWF      R1
;__Lib_Math.c,183 :: 		
0x00E0	0x0878      	MOVF       R8, 0
;__Lib_Math.c,184 :: 		
0x00E1	0x00F0      	MOVWF      R0
;__Lib_Math.c,187 :: 		
L_end_Mul_16x16_U:
0x00E2	0x0008      	RETURN
; end of _Mul_16x16_U
_WordToStr:
;__Lib_Conversions.c,84 :: 		
;__Lib_Conversions.c,89 :: 		
0x00E3	0x1683      	BSF        STATUS, 5
0x00E4	0x1303      	BCF        STATUS, 6
0x00E5	0x01AC      	CLRF       WordToStr_len_L0
L_WordToStr6:
0x00E6	0x3005      	MOVLW      5
0x00E7	0x022C      	SUBWF      WordToStr_len_L0, 0
0x00E8	0x1803      	BTFSC      STATUS, 0
0x00E9	0x28F1      	GOTO       L_WordToStr7
;__Lib_Conversions.c,90 :: 		
0x00EA	0x082C      	MOVF       WordToStr_len_L0, 0
0x00EB	0x072B      	ADDWF      FARG_WordToStr_output, 0
0x00EC	0x0084      	MOVWF      FSR
0x00ED	0x3020      	MOVLW      32
0x00EE	0x0080      	MOVWF      INDF
;__Lib_Conversions.c,89 :: 		
0x00EF	0x0AAC      	INCF       WordToStr_len_L0, 1
;__Lib_Conversions.c,90 :: 		
0x00F0	0x28E6      	GOTO       L_WordToStr6
L_WordToStr7:
;__Lib_Conversions.c,91 :: 		
0x00F1	0x082C      	MOVF       WordToStr_len_L0, 0
0x00F2	0x072B      	ADDWF      FARG_WordToStr_output, 0
0x00F3	0x0084      	MOVWF      FSR
0x00F4	0x0180      	CLRF       INDF
0x00F5	0x03AC      	DECF       WordToStr_len_L0, 1
;__Lib_Conversions.c,93 :: 		
L_WordToStr9:
;__Lib_Conversions.c,94 :: 		
0x00F6	0x082C      	MOVF       WordToStr_len_L0, 0
0x00F7	0x072B      	ADDWF      FARG_WordToStr_output, 0
0x00F8	0x00AD      	MOVWF      FLOC__WordToStr
0x00F9	0x300A      	MOVLW      10
0x00FA	0x00F4      	MOVWF      R4
0x00FB	0x01F5      	CLRF       R4+1
0x00FC	0x0829      	MOVF       FARG_WordToStr_input, 0
0x00FD	0x00F0      	MOVWF      R0
0x00FE	0x082A      	MOVF       FARG_WordToStr_input+1, 0
0x00FF	0x00F1      	MOVWF      R0+1
0x0100	0x2044      	CALL       _Div_16x16_U
0x0101	0x0878      	MOVF       R8, 0
0x0102	0x00F0      	MOVWF      R0
0x0103	0x0879      	MOVF       R8+1, 0
0x0104	0x00F1      	MOVWF      R0+1
0x0105	0x3030      	MOVLW      48
0x0106	0x07F0      	ADDWF      R0, 1
0x0107	0x1683      	BSF        STATUS, 5
0x0108	0x082D      	MOVF       FLOC__WordToStr, 0
0x0109	0x0084      	MOVWF      FSR
0x010A	0x0870      	MOVF       R0, 0
0x010B	0x0080      	MOVWF      INDF
;__Lib_Conversions.c,95 :: 		
0x010C	0x300A      	MOVLW      10
0x010D	0x00F4      	MOVWF      R4
0x010E	0x01F5      	CLRF       R4+1
0x010F	0x0829      	MOVF       FARG_WordToStr_input, 0
0x0110	0x00F0      	MOVWF      R0
0x0111	0x082A      	MOVF       FARG_WordToStr_input+1, 0
0x0112	0x00F1      	MOVWF      R0+1
0x0113	0x2044      	CALL       _Div_16x16_U
0x0114	0x0870      	MOVF       R0, 0
0x0115	0x1683      	BSF        STATUS, 5
0x0116	0x00A9      	MOVWF      FARG_WordToStr_input
0x0117	0x0871      	MOVF       R0+1, 0
0x0118	0x00AA      	MOVWF      FARG_WordToStr_input+1
;__Lib_Conversions.c,96 :: 		
0x0119	0x3000      	MOVLW      0
0x011A	0x0671      	XORWF      R0+1, 0
0x011B	0x1D03      	BTFSS      STATUS, 2
0x011C	0x291F      	GOTO       L__WordToStr109
0x011D	0x3000      	MOVLW      0
0x011E	0x0670      	XORWF      R0, 0
L__WordToStr109:
0x011F	0x1D03      	BTFSS      STATUS, 2
0x0120	0x2922      	GOTO       L_WordToStr11
;__Lib_Conversions.c,97 :: 		
0x0121	0x2924      	GOTO       L_WordToStr10
L_WordToStr11:
;__Lib_Conversions.c,98 :: 		
0x0122	0x03AC      	DECF       WordToStr_len_L0, 1
;__Lib_Conversions.c,99 :: 		
0x0123	0x28F6      	GOTO       L_WordToStr9
L_WordToStr10:
;__Lib_Conversions.c,100 :: 		
L_end_WordToStr:
0x0124	0x0008      	RETURN
; end of _WordToStr
_Lcd_Chr_CP:
;__Lib_Lcd.c,50 :: 		
;__Lib_Lcd.c,52 :: 		
0x0125	0x1283      	BCF        STATUS, 5
0x0126	0x1303      	BCF        STATUS, 6
0x0127	0x1053      	BCF        __Lib_Lcd_cmd_status, BitPos(__Lib_Lcd_cmd_status+0)
;__Lib_Lcd.c,53 :: 		
0x0128	0x1683      	BSF        STATUS, 5
0x0129	0x0829      	MOVF       FARG_Lcd_Chr_CP_out_char, 0
0x012A	0x00AF      	MOVWF      FARG_Lcd_Cmd_out_char
0x012B	0x2061      	CALL       _Lcd_Cmd
;__Lib_Lcd.c,54 :: 		
0x012C	0x1453      	BSF        __Lib_Lcd_cmd_status, BitPos(__Lib_Lcd_cmd_status+0)
;__Lib_Lcd.c,55 :: 		
L_end_Lcd_Chr_CP:
0x012D	0x0008      	RETURN
; end of _Lcd_Chr_CP
_Servo_SetAngle:
;MyProject.c,98 :: 		void Servo_SetAngle(unsigned int angle){
;MyProject.c,99 :: 		unsigned int pulse = 500 + (angle * 11);
0x012E	0x1683      	BSF        STATUS, 5
0x012F	0x1303      	BCF        STATUS, 6
0x0130	0x0829      	MOVF       FARG_Servo_SetAngle_angle, 0
0x0131	0x00F0      	MOVWF      R0
0x0132	0x082A      	MOVF       FARG_Servo_SetAngle_angle+1, 0
0x0133	0x00F1      	MOVWF      R0+1
0x0134	0x300B      	MOVLW      11
0x0135	0x00F4      	MOVWF      R4
0x0136	0x3000      	MOVLW      0
0x0137	0x00F5      	MOVWF      R4+1
0x0138	0x20B8      	CALL       _Mul_16x16_U
0x0139	0x0870      	MOVF       R0, 0
0x013A	0x3EF4      	ADDLW      244
0x013B	0x1683      	BSF        STATUS, 5
0x013C	0x00AB      	MOVWF      Servo_SetAngle_pulse_L0
0x013D	0x3001      	MOVLW      1
0x013E	0x1803      	BTFSC      STATUS, 0
0x013F	0x3E01      	ADDLW      1
0x0140	0x0771      	ADDWF      R0+1, 0
0x0141	0x00AC      	MOVWF      Servo_SetAngle_pulse_L0+1
;MyProject.c,102 :: 		SERVO = 1;
0x0142	0x1283      	BCF        STATUS, 5
0x0143	0x1607      	BSF        RC4_bit, BitPos(RC4_bit+0)
;MyProject.c,103 :: 		for(i=0; i < pulse; i++) Delay_us(1);
0x0144	0x1683      	BSF        STATUS, 5
0x0145	0x01AD      	CLRF       Servo_SetAngle_i_L0
0x0146	0x01AE      	CLRF       Servo_SetAngle_i_L0+1
L_Servo_SetAngle17:
0x0147	0x082C      	MOVF       Servo_SetAngle_pulse_L0+1, 0
0x0148	0x022E      	SUBWF      Servo_SetAngle_i_L0+1, 0
0x0149	0x1D03      	BTFSS      STATUS, 2
0x014A	0x294D      	GOTO       L__Servo_SetAngle81
0x014B	0x082B      	MOVF       Servo_SetAngle_pulse_L0, 0
0x014C	0x022D      	SUBWF      Servo_SetAngle_i_L0, 0
L__Servo_SetAngle81:
0x014D	0x1803      	BTFSC      STATUS, 0
0x014E	0x2955      	GOTO       L_Servo_SetAngle18
0x014F	0x0000      	NOP
0x0150	0x0000      	NOP
0x0151	0x0AAD      	INCF       Servo_SetAngle_i_L0, 1
0x0152	0x1903      	BTFSC      STATUS, 2
0x0153	0x0AAE      	INCF       Servo_SetAngle_i_L0+1, 1
0x0154	0x2947      	GOTO       L_Servo_SetAngle17
L_Servo_SetAngle18:
;MyProject.c,104 :: 		SERVO = 0;
0x0155	0x1283      	BCF        STATUS, 5
0x0156	0x1207      	BCF        RC4_bit, BitPos(RC4_bit+0)
;MyProject.c,105 :: 		for(i=0; i < (20000 - pulse); i++) Delay_us(1);
0x0157	0x1683      	BSF        STATUS, 5
0x0158	0x01AD      	CLRF       Servo_SetAngle_i_L0
0x0159	0x01AE      	CLRF       Servo_SetAngle_i_L0+1
L_Servo_SetAngle20:
0x015A	0x082B      	MOVF       Servo_SetAngle_pulse_L0, 0
0x015B	0x3C20      	SUBLW      32
0x015C	0x00F1      	MOVWF      R1
0x015D	0x082C      	MOVF       Servo_SetAngle_pulse_L0+1, 0
0x015E	0x1C03      	BTFSS      STATUS, 0
0x015F	0x3E01      	ADDLW      1
0x0160	0x3C4E      	SUBLW      78
0x0161	0x00F2      	MOVWF      R1+1
0x0162	0x0872      	MOVF       R1+1, 0
0x0163	0x022E      	SUBWF      Servo_SetAngle_i_L0+1, 0
0x0164	0x1D03      	BTFSS      STATUS, 2
0x0165	0x2968      	GOTO       L__Servo_SetAngle82
0x0166	0x0871      	MOVF       R1, 0
0x0167	0x022D      	SUBWF      Servo_SetAngle_i_L0, 0
L__Servo_SetAngle82:
0x0168	0x1803      	BTFSC      STATUS, 0
0x0169	0x2970      	GOTO       L_Servo_SetAngle21
0x016A	0x0000      	NOP
0x016B	0x0000      	NOP
0x016C	0x0AAD      	INCF       Servo_SetAngle_i_L0, 1
0x016D	0x1903      	BTFSC      STATUS, 2
0x016E	0x0AAE      	INCF       Servo_SetAngle_i_L0+1, 1
0x016F	0x295A      	GOTO       L_Servo_SetAngle20
L_Servo_SetAngle21:
;MyProject.c,107 :: 		UpdateGarageLEDs(angle);
0x0170	0x0829      	MOVF       FARG_Servo_SetAngle_angle, 0
0x0171	0x00AF      	MOVWF      FARG_UpdateGarageLEDs_angle
0x0172	0x082A      	MOVF       FARG_Servo_SetAngle_angle+1, 0
0x0173	0x00B0      	MOVWF      FARG_UpdateGarageLEDs_angle+1
0x0174	0x2029      	CALL       _UpdateGarageLEDs
;MyProject.c,108 :: 		}
L_end_Servo_SetAngle:
0x0175	0x0008      	RETURN
; end of _Servo_SetAngle
_Keypad_Key_Press:
;__Lib_Keypad4x4.c,38 :: 		
;__Lib_Keypad4x4.c,42 :: 		
0x0176	0x1683      	BSF        STATUS, 5
0x0177	0x1303      	BCF        STATUS, 6
0x0178	0x01A9      	CLRF       Keypad_Key_Press_rslt_L0
;__Lib_Keypad4x4.c,43 :: 		
0x0179	0x01AB      	CLRF       Keypad_Key_Press_loc_L0
;__Lib_Keypad4x4.c,44 :: 		
0x017A	0x01AC      	CLRF       Keypad_Key_Press_rowcnt_L0
;__Lib_Keypad4x4.c,45 :: 		
0x017B	0x3010      	MOVLW      16
0x017C	0x00AD      	MOVWF      Keypad_Key_Press_shifter_L0
;__Lib_Keypad4x4.c,47 :: 		
L_Keypad_Key_Press0:
0x017D	0x3004      	MOVLW      4
0x017E	0x022C      	SUBWF      Keypad_Key_Press_rowcnt_L0, 0
0x017F	0x1803      	BTFSC      STATUS, 0
0x0180	0x29A4      	GOTO       L_Keypad_Key_Press1
;__Lib_Keypad4x4.c,49 :: 		
0x0181	0x30F0      	MOVLW      240
0x0182	0x1283      	BCF        STATUS, 5
0x0183	0x0086      	MOVWF      keypadport
;__Lib_Keypad4x4.c,50 :: 		
0x0184	0x1683      	BSF        STATUS, 5
0x0185	0x092D      	COMF       Keypad_Key_Press_shifter_L0, 0
0x0186	0x0086      	MOVWF      keypadport+128
;__Lib_Keypad4x4.c,54 :: 		
0x0187	0x2019      	CALL       _Delay_1us
;__Lib_Keypad4x4.c,55 :: 		
0x0188	0x2019      	CALL       _Delay_1us
;__Lib_Keypad4x4.c,56 :: 		
0x0189	0x300F      	MOVLW      15
0x018A	0x1283      	BCF        STATUS, 5
0x018B	0x0506      	ANDWF      keypadport, 0
0x018C	0x00F0      	MOVWF      R0
0x018D	0x0870      	MOVF       R0, 0
0x018E	0x1683      	BSF        STATUS, 5
0x018F	0x00AA      	MOVWF      Keypad_Key_Press_kdata_L0
;__Lib_Keypad4x4.c,57 :: 		
0x0190	0x0870      	MOVF       R0, 0
0x0191	0x1903      	BTFSC      STATUS, 2
0x0192	0x299E      	GOTO       L_Keypad_Key_Press2
;__Lib_Keypad4x4.c,59 :: 		
0x0193	0x082B      	MOVF       Keypad_Key_Press_loc_L0, 0
0x0194	0x00A9      	MOVWF      Keypad_Key_Press_rslt_L0
;__Lib_Keypad4x4.c,60 :: 		
L_Keypad_Key_Press3:
0x0195	0x082A      	MOVF       Keypad_Key_Press_kdata_L0, 0
0x0196	0x1903      	BTFSC      STATUS, 2
0x0197	0x299C      	GOTO       L_Keypad_Key_Press4
;__Lib_Keypad4x4.c,61 :: 		
0x0198	0x0CAA      	RRF        Keypad_Key_Press_kdata_L0, 1
0x0199	0x13AA      	BCF        Keypad_Key_Press_kdata_L0, 7
;__Lib_Keypad4x4.c,62 :: 		
0x019A	0x0AA9      	INCF       Keypad_Key_Press_rslt_L0, 1
;__Lib_Keypad4x4.c,63 :: 		
0x019B	0x2995      	GOTO       L_Keypad_Key_Press3
L_Keypad_Key_Press4:
;__Lib_Keypad4x4.c,65 :: 		
0x019C	0x3004      	MOVLW      4
0x019D	0x00AC      	MOVWF      Keypad_Key_Press_rowcnt_L0
;__Lib_Keypad4x4.c,66 :: 		
L_Keypad_Key_Press2:
;__Lib_Keypad4x4.c,67 :: 		
0x019E	0x0DAD      	RLF        Keypad_Key_Press_shifter_L0, 1
0x019F	0x102D      	BCF        Keypad_Key_Press_shifter_L0, 0
;__Lib_Keypad4x4.c,68 :: 		
0x01A0	0x3004      	MOVLW      4
0x01A1	0x07AB      	ADDWF      Keypad_Key_Press_loc_L0, 1
;__Lib_Keypad4x4.c,69 :: 		
0x01A2	0x0AAC      	INCF       Keypad_Key_Press_rowcnt_L0, 1
;__Lib_Keypad4x4.c,70 :: 		
0x01A3	0x297D      	GOTO       L_Keypad_Key_Press0
L_Keypad_Key_Press1:
;__Lib_Keypad4x4.c,72 :: 		
0x01A4	0x0829      	MOVF       Keypad_Key_Press_rslt_L0, 0
0x01A5	0x00F0      	MOVWF      R0
;__Lib_Keypad4x4.c,73 :: 		
L_end_Keypad_Key_Press:
0x01A6	0x0008      	RETURN
; end of _Keypad_Key_Press
_Delay_10us:
;__Lib_Delays.c,11 :: 		void Delay_10us() {
;__Lib_Delays.c,12 :: 		Delay_us(10);
0x01A7	0x3006      	MOVLW      6
0x01A8	0x1283      	BCF        STATUS, 5
0x01A9	0x1303      	BCF        STATUS, 6
0x01AA	0x00FD      	MOVWF      R13
L_Delay_10us0:
0x01AB	0x0BFD      	DECFSZ     R13, 1
0x01AC	0x29AB      	GOTO       L_Delay_10us0
0x01AD	0x0000      	NOP
;__Lib_Delays.c,13 :: 		}
L_end_Delay_10us:
0x01AE	0x0008      	RETURN
; end of _Delay_10us
_IntToStr:
;__Lib_Conversions.c,146 :: 		
;__Lib_Conversions.c,152 :: 		
0x01AF	0x1683      	BSF        STATUS, 5
0x01B0	0x1303      	BCF        STATUS, 6
0x01B1	0x01A5      	CLRF       IntToStr_negative_L0
0x01B2	0x01A6      	CLRF       IntToStr_negative_L0+1
;__Lib_Conversions.c,153 :: 		
0x01B3	0x0820      	MOVF       FARG_IntToStr_input, 0
0x01B4	0x00A7      	MOVWF      IntToStr_inword_L0
0x01B5	0x0821      	MOVF       FARG_IntToStr_input+1, 0
0x01B6	0x00A8      	MOVWF      IntToStr_inword_L0+1
;__Lib_Conversions.c,154 :: 		
0x01B7	0x3080      	MOVLW      128
0x01B8	0x0621      	XORWF      FARG_IntToStr_input+1, 0
0x01B9	0x00F0      	MOVWF      R0
0x01BA	0x3080      	MOVLW      128
0x01BB	0x0270      	SUBWF      R0, 0
0x01BC	0x1D03      	BTFSS      STATUS, 2
0x01BD	0x29C0      	GOTO       L__IntToStr115
0x01BE	0x3000      	MOVLW      0
0x01BF	0x0220      	SUBWF      FARG_IntToStr_input, 0
L__IntToStr115:
0x01C0	0x1803      	BTFSC      STATUS, 0
0x01C1	0x29CE      	GOTO       L_IntToStr23
;__Lib_Conversions.c,155 :: 		
0x01C2	0x3001      	MOVLW      1
0x01C3	0x00A5      	MOVWF      IntToStr_negative_L0
0x01C4	0x3000      	MOVLW      0
0x01C5	0x00A6      	MOVWF      IntToStr_negative_L0+1
;__Lib_Conversions.c,156 :: 		
0x01C6	0x0820      	MOVF       FARG_IntToStr_input, 0
0x01C7	0x3C00      	SUBLW      0
0x01C8	0x00A7      	MOVWF      IntToStr_inword_L0
0x01C9	0x0821      	MOVF       FARG_IntToStr_input+1, 0
0x01CA	0x1C03      	BTFSS      STATUS, 0
0x01CB	0x3E01      	ADDLW      1
0x01CC	0x01A8      	CLRF       IntToStr_inword_L0+1
0x01CD	0x02A8      	SUBWF      IntToStr_inword_L0+1, 1
;__Lib_Conversions.c,157 :: 		
L_IntToStr23:
;__Lib_Conversions.c,158 :: 		
0x01CE	0x0827      	MOVF       IntToStr_inword_L0, 0
0x01CF	0x00A9      	MOVWF      FARG_WordToStr_input
0x01D0	0x0828      	MOVF       IntToStr_inword_L0+1, 0
0x01D1	0x00AA      	MOVWF      FARG_WordToStr_input+1
0x01D2	0x0822      	MOVF       FARG_IntToStr_output, 0
0x01D3	0x00AB      	MOVWF      FARG_WordToStr_output
0x01D4	0x20E3      	CALL       _WordToStr
;__Lib_Conversions.c,160 :: 		
0x01D5	0x3006      	MOVLW      6
0x01D6	0x00A3      	MOVWF      IntToStr_i_L0
0x01D7	0x3000      	MOVLW      0
0x01D8	0x00A4      	MOVWF      IntToStr_i_L0+1
;__Lib_Conversions.c,161 :: 		
L_IntToStr24:
0x01D9	0x0824      	MOVF       IntToStr_i_L0+1, 0
0x01DA	0x3C00      	SUBLW      0
0x01DB	0x1D03      	BTFSS      STATUS, 2
0x01DC	0x29DF      	GOTO       L__IntToStr116
0x01DD	0x0823      	MOVF       IntToStr_i_L0, 0
0x01DE	0x3C00      	SUBLW      0
L__IntToStr116:
0x01DF	0x1803      	BTFSC      STATUS, 0
0x01E0	0x29FA      	GOTO       L_IntToStr25
;__Lib_Conversions.c,162 :: 		
0x01E1	0x0823      	MOVF       IntToStr_i_L0, 0
0x01E2	0x0722      	ADDWF      FARG_IntToStr_output, 0
0x01E3	0x00F2      	MOVWF      R2
0x01E4	0x3001      	MOVLW      1
0x01E5	0x0223      	SUBWF      IntToStr_i_L0, 0
0x01E6	0x00F0      	MOVWF      R0
0x01E7	0x3000      	MOVLW      0
0x01E8	0x1C03      	BTFSS      STATUS, 0
0x01E9	0x3E01      	ADDLW      1
0x01EA	0x0224      	SUBWF      IntToStr_i_L0+1, 0
0x01EB	0x00F1      	MOVWF      R0+1
0x01EC	0x0870      	MOVF       R0, 0
0x01ED	0x0722      	ADDWF      FARG_IntToStr_output, 0
0x01EE	0x0084      	MOVWF      FSR
0x01EF	0x0800      	MOVF       INDF, 0
0x01F0	0x00F0      	MOVWF      R0
0x01F1	0x0872      	MOVF       R2, 0
0x01F2	0x0084      	MOVWF      FSR
0x01F3	0x0870      	MOVF       R0, 0
0x01F4	0x0080      	MOVWF      INDF
;__Lib_Conversions.c,163 :: 		
0x01F5	0x3001      	MOVLW      1
0x01F6	0x02A3      	SUBWF      IntToStr_i_L0, 1
0x01F7	0x1C03      	BTFSS      STATUS, 0
0x01F8	0x03A4      	DECF       IntToStr_i_L0+1, 1
;__Lib_Conversions.c,164 :: 		
0x01F9	0x29D9      	GOTO       L_IntToStr24
L_IntToStr25:
;__Lib_Conversions.c,165 :: 		
0x01FA	0x0822      	MOVF       FARG_IntToStr_output, 0
0x01FB	0x0084      	MOVWF      FSR
0x01FC	0x3020      	MOVLW      32
0x01FD	0x0080      	MOVWF      INDF
;__Lib_Conversions.c,166 :: 		
0x01FE	0x0825      	MOVF       IntToStr_negative_L0, 0
0x01FF	0x0426      	IORWF      IntToStr_negative_L0+1, 0
0x0200	0x1903      	BTFSC      STATUS, 2
0x0201	0x2A18      	GOTO       L_IntToStr26
;__Lib_Conversions.c,167 :: 		
0x0202	0x01A3      	CLRF       IntToStr_i_L0
0x0203	0x01A4      	CLRF       IntToStr_i_L0+1
;__Lib_Conversions.c,168 :: 		
L_IntToStr27:
0x0204	0x0823      	MOVF       IntToStr_i_L0, 0
0x0205	0x0722      	ADDWF      FARG_IntToStr_output, 0
0x0206	0x0084      	MOVWF      FSR
0x0207	0x0800      	MOVF       INDF, 0
0x0208	0x3A20      	XORLW      32
0x0209	0x1D03      	BTFSS      STATUS, 2
0x020A	0x2A0F      	GOTO       L_IntToStr28
0x020B	0x0AA3      	INCF       IntToStr_i_L0, 1
0x020C	0x1903      	BTFSC      STATUS, 2
0x020D	0x0AA4      	INCF       IntToStr_i_L0+1, 1
0x020E	0x2A04      	GOTO       L_IntToStr27
L_IntToStr28:
;__Lib_Conversions.c,169 :: 		
0x020F	0x3001      	MOVLW      1
0x0210	0x02A3      	SUBWF      IntToStr_i_L0, 1
0x0211	0x1C03      	BTFSS      STATUS, 0
0x0212	0x03A4      	DECF       IntToStr_i_L0+1, 1
;__Lib_Conversions.c,170 :: 		
0x0213	0x0823      	MOVF       IntToStr_i_L0, 0
0x0214	0x0722      	ADDWF      FARG_IntToStr_output, 0
0x0215	0x0084      	MOVWF      FSR
0x0216	0x302D      	MOVLW      45
0x0217	0x0080      	MOVWF      INDF
L_IntToStr26:
;__Lib_Conversions.c,171 :: 		
L_end_IntToStr:
0x0218	0x0008      	RETURN
; end of _IntToStr
_Lcd_Out:
;__Lib_Lcd.c,184 :: 		
;__Lib_Lcd.c,187 :: 		
0x0219	0x2A2B      	GOTO       L_Lcd_Out11
;__Lib_Lcd.c,188 :: 		
L_Lcd_Out13:
0x021A	0x3080      	MOVLW      128
0x021B	0x1683      	BSF        STATUS, 5
0x021C	0x1303      	BCF        STATUS, 6
0x021D	0x00A0      	MOVWF      FARG_Lcd_Out_row
0x021E	0x2A3E      	GOTO       L_Lcd_Out12
;__Lib_Lcd.c,189 :: 		
L_Lcd_Out14:
0x021F	0x30C0      	MOVLW      192
0x0220	0x00A0      	MOVWF      FARG_Lcd_Out_row
0x0221	0x2A3E      	GOTO       L_Lcd_Out12
;__Lib_Lcd.c,190 :: 		
L_Lcd_Out15:
0x0222	0x3094      	MOVLW      148
0x0223	0x00A0      	MOVWF      FARG_Lcd_Out_row
0x0224	0x2A3E      	GOTO       L_Lcd_Out12
;__Lib_Lcd.c,191 :: 		
L_Lcd_Out16:
0x0225	0x30D4      	MOVLW      212
0x0226	0x00A0      	MOVWF      FARG_Lcd_Out_row
0x0227	0x2A3E      	GOTO       L_Lcd_Out12
;__Lib_Lcd.c,192 :: 		
L_Lcd_Out17:
0x0228	0x3080      	MOVLW      128
0x0229	0x00A0      	MOVWF      FARG_Lcd_Out_row
;__Lib_Lcd.c,193 :: 		
0x022A	0x2A3E      	GOTO       L_Lcd_Out12
L_Lcd_Out11:
0x022B	0x1683      	BSF        STATUS, 5
0x022C	0x1303      	BCF        STATUS, 6
0x022D	0x0820      	MOVF       FARG_Lcd_Out_row, 0
0x022E	0x3A01      	XORLW      1
0x022F	0x1903      	BTFSC      STATUS, 2
0x0230	0x2A1A      	GOTO       L_Lcd_Out13
0x0231	0x0820      	MOVF       FARG_Lcd_Out_row, 0
0x0232	0x3A02      	XORLW      2
0x0233	0x1903      	BTFSC      STATUS, 2
0x0234	0x2A1F      	GOTO       L_Lcd_Out14
0x0235	0x0820      	MOVF       FARG_Lcd_Out_row, 0
0x0236	0x3A03      	XORLW      3
0x0237	0x1903      	BTFSC      STATUS, 2
0x0238	0x2A22      	GOTO       L_Lcd_Out15
0x0239	0x0820      	MOVF       FARG_Lcd_Out_row, 0
0x023A	0x3A04      	XORLW      4
0x023B	0x1903      	BTFSC      STATUS, 2
0x023C	0x2A25      	GOTO       L_Lcd_Out16
0x023D	0x2A28      	GOTO       L_Lcd_Out17
L_Lcd_Out12:
;__Lib_Lcd.c,194 :: 		
0x023E	0x0321      	DECF       FARG_Lcd_Out_column, 0
0x023F	0x00F0      	MOVWF      R0
0x0240	0x0820      	MOVF       FARG_Lcd_Out_row, 0
0x0241	0x07F0      	ADDWF      R0, 1
0x0242	0x0870      	MOVF       R0, 0
0x0243	0x00A0      	MOVWF      FARG_Lcd_Out_row
;__Lib_Lcd.c,196 :: 		
0x0244	0x0870      	MOVF       R0, 0
0x0245	0x00AF      	MOVWF      FARG_Lcd_Cmd_out_char
0x0246	0x2061      	CALL       _Lcd_Cmd
;__Lib_Lcd.c,197 :: 		
0x0247	0x1053      	BCF        __Lib_Lcd_cmd_status, BitPos(__Lib_Lcd_cmd_status+0)
;__Lib_Lcd.c,198 :: 		
0x0248	0x01EF      	CLRF       Lcd_Out_i_L0
;__Lib_Lcd.c,199 :: 		
L_Lcd_Out18:
0x0249	0x086F      	MOVF       Lcd_Out_i_L0, 0
0x024A	0x1683      	BSF        STATUS, 5
0x024B	0x0722      	ADDWF      FARG_Lcd_Out_text, 0
0x024C	0x0084      	MOVWF      FSR
0x024D	0x0800      	MOVF       INDF, 0
0x024E	0x1903      	BTFSC      STATUS, 2
0x024F	0x2A5A      	GOTO       L_Lcd_Out19
;__Lib_Lcd.c,200 :: 		
0x0250	0x1283      	BCF        STATUS, 5
0x0251	0x086F      	MOVF       Lcd_Out_i_L0, 0
0x0252	0x1683      	BSF        STATUS, 5
0x0253	0x0722      	ADDWF      FARG_Lcd_Out_text, 0
0x0254	0x0084      	MOVWF      FSR
0x0255	0x0800      	MOVF       INDF, 0
0x0256	0x00A9      	MOVWF      FARG_Lcd_Chr_CP_out_char
0x0257	0x2125      	CALL       _Lcd_Chr_CP
0x0258	0x0AEF      	INCF       Lcd_Out_i_L0, 1
0x0259	0x2A49      	GOTO       L_Lcd_Out18
L_Lcd_Out19:
0x025A	0x1283      	BCF        STATUS, 5
;__Lib_Lcd.c,201 :: 		
0x025B	0x1453      	BSF        __Lib_Lcd_cmd_status, BitPos(__Lib_Lcd_cmd_status+0)
;__Lib_Lcd.c,202 :: 		
L_end_Lcd_Out:
0x025C	0x0008      	RETURN
; end of _Lcd_Out
_Get_Key_Char:
;MyProject.c,166 :: 		char Get_Key_Char(char key){
;MyProject.c,167 :: 		switch(key){
0x025D	0x2A92      	GOTO       L_Get_Key_Char33
;MyProject.c,168 :: 		case 1:  return '1';
L_Get_Key_Char35:
0x025E	0x3031      	MOVLW      49
0x025F	0x1283      	BCF        STATUS, 5
0x0260	0x1303      	BCF        STATUS, 6
0x0261	0x00F0      	MOVWF      R0
0x0262	0x2AD5      	GOTO       L_end_Get_Key_Char
;MyProject.c,169 :: 		case 2:  return '2';
L_Get_Key_Char36:
0x0263	0x3032      	MOVLW      50
0x0264	0x00F0      	MOVWF      R0
0x0265	0x2AD5      	GOTO       L_end_Get_Key_Char
;MyProject.c,170 :: 		case 3:  return '3';
L_Get_Key_Char37:
0x0266	0x3033      	MOVLW      51
0x0267	0x00F0      	MOVWF      R0
0x0268	0x2AD5      	GOTO       L_end_Get_Key_Char
;MyProject.c,171 :: 		case 4:  return 'A';
L_Get_Key_Char38:
0x0269	0x3041      	MOVLW      65
0x026A	0x00F0      	MOVWF      R0
0x026B	0x2AD5      	GOTO       L_end_Get_Key_Char
;MyProject.c,172 :: 		case 5:  return '4';
L_Get_Key_Char39:
0x026C	0x3034      	MOVLW      52
0x026D	0x00F0      	MOVWF      R0
0x026E	0x2AD5      	GOTO       L_end_Get_Key_Char
;MyProject.c,173 :: 		case 6:  return '5';
L_Get_Key_Char40:
0x026F	0x3035      	MOVLW      53
0x0270	0x00F0      	MOVWF      R0
0x0271	0x2AD5      	GOTO       L_end_Get_Key_Char
;MyProject.c,174 :: 		case 7:  return '6';
L_Get_Key_Char41:
0x0272	0x3036      	MOVLW      54
0x0273	0x00F0      	MOVWF      R0
0x0274	0x2AD5      	GOTO       L_end_Get_Key_Char
;MyProject.c,175 :: 		case 8:  return 'B';
L_Get_Key_Char42:
0x0275	0x3042      	MOVLW      66
0x0276	0x00F0      	MOVWF      R0
0x0277	0x2AD5      	GOTO       L_end_Get_Key_Char
;MyProject.c,176 :: 		case 9:  return '7';
L_Get_Key_Char43:
0x0278	0x3037      	MOVLW      55
0x0279	0x00F0      	MOVWF      R0
0x027A	0x2AD5      	GOTO       L_end_Get_Key_Char
;MyProject.c,177 :: 		case 10: return '8';
L_Get_Key_Char44:
0x027B	0x3038      	MOVLW      56
0x027C	0x00F0      	MOVWF      R0
0x027D	0x2AD5      	GOTO       L_end_Get_Key_Char
;MyProject.c,178 :: 		case 11: return '9';
L_Get_Key_Char45:
0x027E	0x3039      	MOVLW      57
0x027F	0x00F0      	MOVWF      R0
0x0280	0x2AD5      	GOTO       L_end_Get_Key_Char
;MyProject.c,179 :: 		case 12: return 'C';
L_Get_Key_Char46:
0x0281	0x3043      	MOVLW      67
0x0282	0x00F0      	MOVWF      R0
0x0283	0x2AD5      	GOTO       L_end_Get_Key_Char
;MyProject.c,180 :: 		case 13: return '*';
L_Get_Key_Char47:
0x0284	0x302A      	MOVLW      42
0x0285	0x00F0      	MOVWF      R0
0x0286	0x2AD5      	GOTO       L_end_Get_Key_Char
;MyProject.c,181 :: 		case 14: return '0';
L_Get_Key_Char48:
0x0287	0x3030      	MOVLW      48
0x0288	0x00F0      	MOVWF      R0
0x0289	0x2AD5      	GOTO       L_end_Get_Key_Char
;MyProject.c,182 :: 		case 15: return '#';
L_Get_Key_Char49:
0x028A	0x3023      	MOVLW      35
0x028B	0x00F0      	MOVWF      R0
0x028C	0x2AD5      	GOTO       L_end_Get_Key_Char
;MyProject.c,183 :: 		case 16: return 'D';
L_Get_Key_Char50:
0x028D	0x3044      	MOVLW      68
0x028E	0x00F0      	MOVWF      R0
0x028F	0x2AD5      	GOTO       L_end_Get_Key_Char
;MyProject.c,184 :: 		default: return 0;
L_Get_Key_Char51:
0x0290	0x01F0      	CLRF       R0
0x0291	0x2AD5      	GOTO       L_end_Get_Key_Char
;MyProject.c,185 :: 		}
L_Get_Key_Char33:
0x0292	0x1283      	BCF        STATUS, 5
0x0293	0x1303      	BCF        STATUS, 6
0x0294	0x086F      	MOVF       FARG_Get_Key_Char_key, 0
0x0295	0x3A01      	XORLW      1
0x0296	0x1903      	BTFSC      STATUS, 2
0x0297	0x2A5E      	GOTO       L_Get_Key_Char35
0x0298	0x086F      	MOVF       FARG_Get_Key_Char_key, 0
0x0299	0x3A02      	XORLW      2
0x029A	0x1903      	BTFSC      STATUS, 2
0x029B	0x2A63      	GOTO       L_Get_Key_Char36
0x029C	0x086F      	MOVF       FARG_Get_Key_Char_key, 0
0x029D	0x3A03      	XORLW      3
0x029E	0x1903      	BTFSC      STATUS, 2
0x029F	0x2A66      	GOTO       L_Get_Key_Char37
0x02A0	0x086F      	MOVF       FARG_Get_Key_Char_key, 0
0x02A1	0x3A04      	XORLW      4
0x02A2	0x1903      	BTFSC      STATUS, 2
0x02A3	0x2A69      	GOTO       L_Get_Key_Char38
0x02A4	0x086F      	MOVF       FARG_Get_Key_Char_key, 0
0x02A5	0x3A05      	XORLW      5
0x02A6	0x1903      	BTFSC      STATUS, 2
0x02A7	0x2A6C      	GOTO       L_Get_Key_Char39
0x02A8	0x086F      	MOVF       FARG_Get_Key_Char_key, 0
0x02A9	0x3A06      	XORLW      6
0x02AA	0x1903      	BTFSC      STATUS, 2
0x02AB	0x2A6F      	GOTO       L_Get_Key_Char40
0x02AC	0x086F      	MOVF       FARG_Get_Key_Char_key, 0
0x02AD	0x3A07      	XORLW      7
0x02AE	0x1903      	BTFSC      STATUS, 2
0x02AF	0x2A72      	GOTO       L_Get_Key_Char41
0x02B0	0x086F      	MOVF       FARG_Get_Key_Char_key, 0
0x02B1	0x3A08      	XORLW      8
0x02B2	0x1903      	BTFSC      STATUS, 2
0x02B3	0x2A75      	GOTO       L_Get_Key_Char42
0x02B4	0x086F      	MOVF       FARG_Get_Key_Char_key, 0
0x02B5	0x3A09      	XORLW      9
0x02B6	0x1903      	BTFSC      STATUS, 2
0x02B7	0x2A78      	GOTO       L_Get_Key_Char43
0x02B8	0x086F      	MOVF       FARG_Get_Key_Char_key, 0
0x02B9	0x3A0A      	XORLW      10
0x02BA	0x1903      	BTFSC      STATUS, 2
0x02BB	0x2A7B      	GOTO       L_Get_Key_Char44
0x02BC	0x086F      	MOVF       FARG_Get_Key_Char_key, 0
0x02BD	0x3A0B      	XORLW      11
0x02BE	0x1903      	BTFSC      STATUS, 2
0x02BF	0x2A7E      	GOTO       L_Get_Key_Char45
0x02C0	0x086F      	MOVF       FARG_Get_Key_Char_key, 0
0x02C1	0x3A0C      	XORLW      12
0x02C2	0x1903      	BTFSC      STATUS, 2
0x02C3	0x2A81      	GOTO       L_Get_Key_Char46
0x02C4	0x086F      	MOVF       FARG_Get_Key_Char_key, 0
0x02C5	0x3A0D      	XORLW      13
0x02C6	0x1903      	BTFSC      STATUS, 2
0x02C7	0x2A84      	GOTO       L_Get_Key_Char47
0x02C8	0x086F      	MOVF       FARG_Get_Key_Char_key, 0
0x02C9	0x3A0E      	XORLW      14
0x02CA	0x1903      	BTFSC      STATUS, 2
0x02CB	0x2A87      	GOTO       L_Get_Key_Char48
0x02CC	0x086F      	MOVF       FARG_Get_Key_Char_key, 0
0x02CD	0x3A0F      	XORLW      15
0x02CE	0x1903      	BTFSC      STATUS, 2
0x02CF	0x2A8A      	GOTO       L_Get_Key_Char49
0x02D0	0x086F      	MOVF       FARG_Get_Key_Char_key, 0
0x02D1	0x3A10      	XORLW      16
0x02D2	0x1903      	BTFSC      STATUS, 2
0x02D3	0x2A8D      	GOTO       L_Get_Key_Char50
0x02D4	0x2A90      	GOTO       L_Get_Key_Char51
;MyProject.c,186 :: 		}
L_end_Get_Key_Char:
0x02D5	0x0008      	RETURN
; end of _Get_Key_Char
_Lcd_Chr:
;__Lib_Lcd.c,65 :: 		
;__Lib_Lcd.c,66 :: 		
0x02D6	0x2AE8      	GOTO       L_Lcd_Chr4
;__Lib_Lcd.c,67 :: 		
L_Lcd_Chr6:
0x02D7	0x3080      	MOVLW      128
0x02D8	0x1683      	BSF        STATUS, 5
0x02D9	0x1303      	BCF        STATUS, 6
0x02DA	0x00A0      	MOVWF      FARG_Lcd_Chr_row
0x02DB	0x2AFB      	GOTO       L_Lcd_Chr5
;__Lib_Lcd.c,68 :: 		
L_Lcd_Chr7:
0x02DC	0x30C0      	MOVLW      192
0x02DD	0x00A0      	MOVWF      FARG_Lcd_Chr_row
0x02DE	0x2AFB      	GOTO       L_Lcd_Chr5
;__Lib_Lcd.c,69 :: 		
L_Lcd_Chr8:
0x02DF	0x3094      	MOVLW      148
0x02E0	0x00A0      	MOVWF      FARG_Lcd_Chr_row
0x02E1	0x2AFB      	GOTO       L_Lcd_Chr5
;__Lib_Lcd.c,70 :: 		
L_Lcd_Chr9:
0x02E2	0x30D4      	MOVLW      212
0x02E3	0x00A0      	MOVWF      FARG_Lcd_Chr_row
0x02E4	0x2AFB      	GOTO       L_Lcd_Chr5
;__Lib_Lcd.c,71 :: 		
L_Lcd_Chr10:
0x02E5	0x3080      	MOVLW      128
0x02E6	0x00A0      	MOVWF      FARG_Lcd_Chr_row
;__Lib_Lcd.c,72 :: 		
0x02E7	0x2AFB      	GOTO       L_Lcd_Chr5
L_Lcd_Chr4:
0x02E8	0x1683      	BSF        STATUS, 5
0x02E9	0x1303      	BCF        STATUS, 6
0x02EA	0x0820      	MOVF       FARG_Lcd_Chr_row, 0
0x02EB	0x3A01      	XORLW      1
0x02EC	0x1903      	BTFSC      STATUS, 2
0x02ED	0x2AD7      	GOTO       L_Lcd_Chr6
0x02EE	0x0820      	MOVF       FARG_Lcd_Chr_row, 0
0x02EF	0x3A02      	XORLW      2
0x02F0	0x1903      	BTFSC      STATUS, 2
0x02F1	0x2ADC      	GOTO       L_Lcd_Chr7
0x02F2	0x0820      	MOVF       FARG_Lcd_Chr_row, 0
0x02F3	0x3A03      	XORLW      3
0x02F4	0x1903      	BTFSC      STATUS, 2
0x02F5	0x2ADF      	GOTO       L_Lcd_Chr8
0x02F6	0x0820      	MOVF       FARG_Lcd_Chr_row, 0
0x02F7	0x3A04      	XORLW      4
0x02F8	0x1903      	BTFSC      STATUS, 2
0x02F9	0x2AE2      	GOTO       L_Lcd_Chr9
0x02FA	0x2AE5      	GOTO       L_Lcd_Chr10
L_Lcd_Chr5:
;__Lib_Lcd.c,74 :: 		
0x02FB	0x0321      	DECF       FARG_Lcd_Chr_column, 0
0x02FC	0x00F0      	MOVWF      R0
0x02FD	0x0820      	MOVF       FARG_Lcd_Chr_row, 0
0x02FE	0x07F0      	ADDWF      R0, 1
0x02FF	0x0870      	MOVF       R0, 0
0x0300	0x00A0      	MOVWF      FARG_Lcd_Chr_row
;__Lib_Lcd.c,76 :: 		
0x0301	0x1283      	BCF        STATUS, 5
0x0302	0x1453      	BSF        __Lib_Lcd_cmd_status, BitPos(__Lib_Lcd_cmd_status+0)
;__Lib_Lcd.c,77 :: 		
0x0303	0x0870      	MOVF       R0, 0
0x0304	0x1683      	BSF        STATUS, 5
0x0305	0x00AF      	MOVWF      FARG_Lcd_Cmd_out_char
0x0306	0x2061      	CALL       _Lcd_Cmd
;__Lib_Lcd.c,79 :: 		
0x0307	0x1053      	BCF        __Lib_Lcd_cmd_status, BitPos(__Lib_Lcd_cmd_status+0)
;__Lib_Lcd.c,80 :: 		
0x0308	0x1683      	BSF        STATUS, 5
0x0309	0x0822      	MOVF       FARG_Lcd_Chr_out_char, 0
0x030A	0x00AF      	MOVWF      FARG_Lcd_Cmd_out_char
0x030B	0x2061      	CALL       _Lcd_Cmd
;__Lib_Lcd.c,81 :: 		
0x030C	0x1453      	BSF        __Lib_Lcd_cmd_status, BitPos(__Lib_Lcd_cmd_status+0)
;__Lib_Lcd.c,82 :: 		
L_end_Lcd_Chr:
0x030D	0x0008      	RETURN
; end of _Lcd_Chr
_____DoICP:
;__Lib_System.c,6 :: 		
;__Lib_System.c,9 :: 		
0x030E	0x1283      	BCF        STATUS, 5
0x030F	0x1303      	BCF        STATUS, 6
0x0310	0x0852      	MOVF       ___DoICPAddr+1, 0
0x0311	0x008A      	MOVWF      PCLATH
;__Lib_System.c,10 :: 		
0x0312	0x0851      	MOVF       ___DoICPAddr, 0
0x0313	0x0082      	MOVWF      PCL
;__Lib_System.c,12 :: 		
L_end_____DoICP:
0x0314	0x0008      	RETURN
; end of _____DoICP
_Keypad_Key_Click:
;__Lib_Keypad4x4.c,76 :: 		
;__Lib_Keypad4x4.c,80 :: 		
0x0315	0x2176      	CALL       _Keypad_Key_Press
0x0316	0x0870      	MOVF       R0, 0
0x0317	0x1283      	BCF        STATUS, 5
0x0318	0x00EF      	MOVWF      Keypad_Key_Click_rslt_L0
;__Lib_Keypad4x4.c,82 :: 		
L_Keypad_Key_Click5:
0x0319	0x300F      	MOVLW      15
0x031A	0x0506      	ANDWF      keypadport, 0
0x031B	0x00F0      	MOVWF      R0
0x031C	0x1903      	BTFSC      STATUS, 2
0x031D	0x2B20      	GOTO       L_Keypad_Key_Click6
;__Lib_Keypad4x4.c,83 :: 		
0x031E	0x21A7      	CALL       _Delay_10us
0x031F	0x2B19      	GOTO       L_Keypad_Key_Click5
L_Keypad_Key_Click6:
;__Lib_Keypad4x4.c,85 :: 		
0x0320	0x086F      	MOVF       Keypad_Key_Click_rslt_L0, 0
0x0321	0x00F0      	MOVWF      R0
;__Lib_Keypad4x4.c,86 :: 		
L_end_Keypad_Key_Click:
0x0322	0x0008      	RETURN
; end of _Keypad_Key_Click
_strcmp:
;__Lib_CString.c,115 :: 		
;__Lib_CString.c,117 :: 		
L_strcmp30:
0x0323	0x1683      	BSF        STATUS, 5
0x0324	0x1303      	BCF        STATUS, 6
0x0325	0x0820      	MOVF       FARG_strcmp_s1, 0
0x0326	0x0084      	MOVWF      FSR
0x0327	0x0800      	MOVF       INDF, 0
0x0328	0x1903      	BTFSC      STATUS, 2
0x0329	0x2B37      	GOTO       L_strcmp31
0x032A	0x0820      	MOVF       FARG_strcmp_s1, 0
0x032B	0x0084      	MOVWF      FSR
0x032C	0x0800      	MOVF       INDF, 0
0x032D	0x00F1      	MOVWF      R1
0x032E	0x0821      	MOVF       FARG_strcmp_s2, 0
0x032F	0x0084      	MOVWF      FSR
0x0330	0x0871      	MOVF       R1, 0
0x0331	0x0600      	XORWF      INDF, 0
0x0332	0x1D03      	BTFSS      STATUS, 2
0x0333	0x2B37      	GOTO       L_strcmp31
L__strcmp81:
;__Lib_CString.c,118 :: 		
0x0334	0x0AA0      	INCF       FARG_strcmp_s1, 1
0x0335	0x0AA1      	INCF       FARG_strcmp_s2, 1
0x0336	0x2B23      	GOTO       L_strcmp30
L_strcmp31:
;__Lib_CString.c,120 :: 		
0x0337	0x0820      	MOVF       FARG_strcmp_s1, 0
0x0338	0x0084      	MOVWF      FSR
0x0339	0x0800      	MOVF       INDF, 0
0x033A	0x00F0      	MOVWF      R0
0x033B	0x0821      	MOVF       FARG_strcmp_s2, 0
0x033C	0x0084      	MOVWF      FSR
0x033D	0x0800      	MOVF       INDF, 0
0x033E	0x02F0      	SUBWF      R0, 1
0x033F	0x01F1      	CLRF       R0+1
0x0340	0x1C03      	BTFSS      STATUS, 0
0x0341	0x03F1      	DECF       R0+1, 1
;__Lib_CString.c,121 :: 		
L_end_strcmp:
0x0342	0x0008      	RETURN
; end of _strcmp
_Turn_On_Servo:
;MyProject.c,111 :: 		void Turn_On_Servo(){
;MyProject.c,113 :: 		for(i=0;i<40;i++) Servo_SetAngle(90);
0x0343	0x1683      	BSF        STATUS, 5
0x0344	0x1303      	BCF        STATUS, 6
0x0345	0x01A0      	CLRF       Turn_On_Servo_i_L0
0x0346	0x01A1      	CLRF       Turn_On_Servo_i_L0+1
L_Turn_On_Servo23:
0x0347	0x3080      	MOVLW      128
0x0348	0x0621      	XORWF      Turn_On_Servo_i_L0+1, 0
0x0349	0x00F0      	MOVWF      R0
0x034A	0x3080      	MOVLW      128
0x034B	0x0270      	SUBWF      R0, 0
0x034C	0x1D03      	BTFSS      STATUS, 2
0x034D	0x2B50      	GOTO       L__Turn_On_Servo84
0x034E	0x3028      	MOVLW      40
0x034F	0x0220      	SUBWF      Turn_On_Servo_i_L0, 0
L__Turn_On_Servo84:
0x0350	0x1803      	BTFSC      STATUS, 0
0x0351	0x2B5D      	GOTO       L_Turn_On_Servo24
0x0352	0x305A      	MOVLW      90
0x0353	0x00A9      	MOVWF      FARG_Servo_SetAngle_angle
0x0354	0x3000      	MOVLW      0
0x0355	0x00AA      	MOVWF      FARG_Servo_SetAngle_angle+1
0x0356	0x212E      	CALL       _Servo_SetAngle
0x0357	0x1683      	BSF        STATUS, 5
0x0358	0x1303      	BCF        STATUS, 6
0x0359	0x0AA0      	INCF       Turn_On_Servo_i_L0, 1
0x035A	0x1903      	BTFSC      STATUS, 2
0x035B	0x0AA1      	INCF       Turn_On_Servo_i_L0+1, 1
0x035C	0x2B47      	GOTO       L_Turn_On_Servo23
L_Turn_On_Servo24:
;MyProject.c,114 :: 		}
L_end_Turn_On_Servo:
0x035D	0x0008      	RETURN
; end of _Turn_On_Servo
_Check_Password:
;MyProject.c,189 :: 		void Check_Password(){
;MyProject.c,190 :: 		char password[5] = "1234";
0x035E	0x3031      	MOVLW      49
0x035F	0x1283      	BCF        STATUS, 5
0x0360	0x1303      	BCF        STATUS, 6
0x0361	0x00E3      	MOVWF      Check_Password_password_L0
0x0362	0x3032      	MOVLW      50
0x0363	0x00E4      	MOVWF      Check_Password_password_L0+1
0x0364	0x3033      	MOVLW      51
0x0365	0x00E5      	MOVWF      Check_Password_password_L0+2
0x0366	0x3034      	MOVLW      52
0x0367	0x00E6      	MOVWF      Check_Password_password_L0+3
0x0368	0x01E7      	CLRF       Check_Password_password_L0+4
0x0369	0x01E8      	CLRF       Check_Password_i_L0
0x036A	0x01E9      	CLRF       Check_Password_i_L0+1
0x036B	0x01EA      	CLRF       Check_Password_attempts_L0
0x036C	0x01EB      	CLRF       Check_Password_attempts_L0+1
0x036D	0x01EC      	CLRF       Check_Password_cnt_L0
0x036E	0x01ED      	CLRF       Check_Password_cnt_L0+1
;MyProject.c,198 :: 		while(1){
L_Check_Password52:
;MyProject.c,199 :: 		LCD_Cmd(_LCD_CLEAR);
0x036F	0x3001      	MOVLW      1
0x0370	0x1683      	BSF        STATUS, 5
0x0371	0x00AF      	MOVWF      FARG_Lcd_Cmd_out_char
0x0372	0x2061      	CALL       _Lcd_Cmd
;MyProject.c,200 :: 		LCD_Out(1,1,"Enter Password:");
0x0373	0x3001      	MOVLW      1
0x0374	0x1683      	BSF        STATUS, 5
0x0375	0x00A0      	MOVWF      FARG_Lcd_Out_row
0x0376	0x3001      	MOVLW      1
0x0377	0x00A1      	MOVWF      FARG_Lcd_Out_column
0x0378	0x3038      	MOVLW      ?lstr7_MyProject
0x0379	0x00A2      	MOVWF      FARG_Lcd_Out_text
0x037A	0x2219      	CALL       _Lcd_Out
;MyProject.c,201 :: 		i = 0;
0x037B	0x01E8      	CLRF       Check_Password_i_L0
0x037C	0x01E9      	CLRF       Check_Password_i_L0+1
;MyProject.c,204 :: 		while(i < 4){
L_Check_Password54:
0x037D	0x3080      	MOVLW      128
0x037E	0x0669      	XORWF      Check_Password_i_L0+1, 0
0x037F	0x00F0      	MOVWF      R0
0x0380	0x3080      	MOVLW      128
0x0381	0x0270      	SUBWF      R0, 0
0x0382	0x1D03      	BTFSS      STATUS, 2
0x0383	0x2B86      	GOTO       L__Check_Password90
0x0384	0x3004      	MOVLW      4
0x0385	0x0268      	SUBWF      Check_Password_i_L0, 0
L__Check_Password90:
0x0386	0x1803      	BTFSC      STATUS, 0
0x0387	0x2BB7      	GOTO       L_Check_Password55
;MyProject.c,205 :: 		key = 0;
0x0388	0x01DB      	CLRF       Check_Password_key_L0
;MyProject.c,206 :: 		while(key == 0) key = Keypad_Key_Click();
L_Check_Password56:
0x0389	0x085B      	MOVF       Check_Password_key_L0, 0
0x038A	0x3A00      	XORLW      0
0x038B	0x1D03      	BTFSS      STATUS, 2
0x038C	0x2B91      	GOTO       L_Check_Password57
0x038D	0x2315      	CALL       _Keypad_Key_Click
0x038E	0x0870      	MOVF       R0, 0
0x038F	0x00DB      	MOVWF      Check_Password_key_L0
0x0390	0x2B89      	GOTO       L_Check_Password56
L_Check_Password57:
;MyProject.c,208 :: 		entered_pass[i] = Get_Key_Char(key);
0x0391	0x0868      	MOVF       Check_Password_i_L0, 0
0x0392	0x3E56      	ADDLW      Check_Password_entered_pass_L0
0x0393	0x00EE      	MOVWF      FLOC__Check_Password
0x0394	0x085B      	MOVF       Check_Password_key_L0, 0
0x0395	0x00EF      	MOVWF      FARG_Get_Key_Char_key
0x0396	0x225D      	CALL       _Get_Key_Char
0x0397	0x1283      	BCF        STATUS, 5
0x0398	0x1303      	BCF        STATUS, 6
0x0399	0x086E      	MOVF       FLOC__Check_Password, 0
0x039A	0x0084      	MOVWF      FSR
0x039B	0x0870      	MOVF       R0, 0
0x039C	0x0080      	MOVWF      INDF
;MyProject.c,209 :: 		LCD_Chr(2, i+1, '*'); // Display asterisk
0x039D	0x3002      	MOVLW      2
0x039E	0x1683      	BSF        STATUS, 5
0x039F	0x00A0      	MOVWF      FARG_Lcd_Chr_row
0x03A0	0x1283      	BCF        STATUS, 5
0x03A1	0x0A68      	INCF       Check_Password_i_L0, 0
0x03A2	0x1683      	BSF        STATUS, 5
0x03A3	0x00A1      	MOVWF      FARG_Lcd_Chr_column
0x03A4	0x302A      	MOVLW      42
0x03A5	0x00A2      	MOVWF      FARG_Lcd_Chr_out_char
0x03A6	0x22D6      	CALL       _Lcd_Chr
;MyProject.c,210 :: 		i++;
0x03A7	0x0AE8      	INCF       Check_Password_i_L0, 1
0x03A8	0x1903      	BTFSC      STATUS, 2
0x03A9	0x0AE9      	INCF       Check_Password_i_L0+1, 1
;MyProject.c,211 :: 		Delay_ms(200); // Debounce/Wait
0x03AA	0x3003      	MOVLW      3
0x03AB	0x00FB      	MOVWF      R11
0x03AC	0x3008      	MOVLW      8
0x03AD	0x00FC      	MOVWF      R12
0x03AE	0x3077      	MOVLW      119
0x03AF	0x00FD      	MOVWF      R13
L_Check_Password58:
0x03B0	0x0BFD      	DECFSZ     R13, 1
0x03B1	0x2BB0      	GOTO       L_Check_Password58
0x03B2	0x0BFC      	DECFSZ     R12, 1
0x03B3	0x2BB0      	GOTO       L_Check_Password58
0x03B4	0x0BFB      	DECFSZ     R11, 1
0x03B5	0x2BB0      	GOTO       L_Check_Password58
;MyProject.c,212 :: 		}
0x03B6	0x2B7D      	GOTO       L_Check_Password54
L_Check_Password55:
;MyProject.c,213 :: 		entered_pass[4] = '\0'; // Null terminate
0x03B7	0x01DA      	CLRF       Check_Password_entered_pass_L0+4
;MyProject.c,216 :: 		if(strcmp(entered_pass, password) == 0){
0x03B8	0x3056      	MOVLW      Check_Password_entered_pass_L0
0x03B9	0x1683      	BSF        STATUS, 5
0x03BA	0x00A0      	MOVWF      FARG_strcmp_s1
0x03BB	0x3063      	MOVLW      Check_Password_password_L0
0x03BC	0x00A1      	MOVWF      FARG_strcmp_s2
0x03BD	0x2323      	CALL       _strcmp
0x03BE	0x3000      	MOVLW      0
0x03BF	0x0671      	XORWF      R0+1, 0
0x03C0	0x1D03      	BTFSS      STATUS, 2
0x03C1	0x2BC4      	GOTO       L__Check_Password91
0x03C2	0x3000      	MOVLW      0
0x03C3	0x0670      	XORWF      R0, 0
L__Check_Password91:
0x03C4	0x1D03      	BTFSS      STATUS, 2
0x03C5	0x2BE4      	GOTO       L_Check_Password59
;MyProject.c,217 :: 		LCD_Cmd(_LCD_CLEAR);
0x03C6	0x3001      	MOVLW      1
0x03C7	0x00AF      	MOVWF      FARG_Lcd_Cmd_out_char
0x03C8	0x2061      	CALL       _Lcd_Cmd
;MyProject.c,218 :: 		LCD_Out(1,1,"Correct!");
0x03C9	0x3001      	MOVLW      1
0x03CA	0x1683      	BSF        STATUS, 5
0x03CB	0x00A0      	MOVWF      FARG_Lcd_Out_row
0x03CC	0x3001      	MOVLW      1
0x03CD	0x00A1      	MOVWF      FARG_Lcd_Out_column
0x03CE	0x302F      	MOVLW      ?lstr8_MyProject
0x03CF	0x00A2      	MOVWF      FARG_Lcd_Out_text
0x03D0	0x2219      	CALL       _Lcd_Out
;MyProject.c,219 :: 		Delay_ms(1000);
0x03D1	0x300B      	MOVLW      11
0x03D2	0x00FB      	MOVWF      R11
0x03D3	0x3026      	MOVLW      38
0x03D4	0x00FC      	MOVWF      R12
0x03D5	0x305D      	MOVLW      93
0x03D6	0x00FD      	MOVWF      R13
L_Check_Password60:
0x03D7	0x0BFD      	DECFSZ     R13, 1
0x03D8	0x2BD7      	GOTO       L_Check_Password60
0x03D9	0x0BFC      	DECFSZ     R12, 1
0x03DA	0x2BD7      	GOTO       L_Check_Password60
0x03DB	0x0BFB      	DECFSZ     R11, 1
0x03DC	0x2BD7      	GOTO       L_Check_Password60
0x03DD	0x0000      	NOP
0x03DE	0x0000      	NOP
;MyProject.c,220 :: 		Turn_On_Servo();               // Open Garage
0x03DF	0x2343      	CALL       _Turn_On_Servo
;MyProject.c,221 :: 		attempts = 0;                  // Reset attempts on success
0x03E0	0x1283      	BCF        STATUS, 5
0x03E1	0x01EA      	CLRF       Check_Password_attempts_L0
0x03E2	0x01EB      	CLRF       Check_Password_attempts_L0+1
;MyProject.c,222 :: 		} else {
0x03E3	0x2C56      	GOTO       L_Check_Password61
L_Check_Password59:
0x03E4	0x1283      	BCF        STATUS, 5
;MyProject.c,223 :: 		attempts++;
0x03E5	0x0AEA      	INCF       Check_Password_attempts_L0, 1
0x03E6	0x1903      	BTFSC      STATUS, 2
0x03E7	0x0AEB      	INCF       Check_Password_attempts_L0+1, 1
;MyProject.c,224 :: 		LCD_Cmd(_LCD_CLEAR);
0x03E8	0x3001      	MOVLW      1
0x03E9	0x1683      	BSF        STATUS, 5
0x03EA	0x00AF      	MOVWF      FARG_Lcd_Cmd_out_char
0x03EB	0x2061      	CALL       _Lcd_Cmd
;MyProject.c,225 :: 		LCD_Out(1,1,"Wrong Password");
0x03EC	0x3001      	MOVLW      1
0x03ED	0x1683      	BSF        STATUS, 5
0x03EE	0x00A0      	MOVWF      FARG_Lcd_Out_row
0x03EF	0x3001      	MOVLW      1
0x03F0	0x00A1      	MOVWF      FARG_Lcd_Out_column
0x03F1	0x3020      	MOVLW      ?lstr9_MyProject
0x03F2	0x00A2      	MOVWF      FARG_Lcd_Out_text
0x03F3	0x2219      	CALL       _Lcd_Out
;MyProject.c,226 :: 		Delay_ms(1000);
0x03F4	0x300B      	MOVLW      11
0x03F5	0x00FB      	MOVWF      R11
0x03F6	0x3026      	MOVLW      38
0x03F7	0x00FC      	MOVWF      R12
0x03F8	0x305D      	MOVLW      93
0x03F9	0x00FD      	MOVWF      R13
L_Check_Password62:
0x03FA	0x0BFD      	DECFSZ     R13, 1
0x03FB	0x2BFA      	GOTO       L_Check_Password62
0x03FC	0x0BFC      	DECFSZ     R12, 1
0x03FD	0x2BFA      	GOTO       L_Check_Password62
0x03FE	0x0BFB      	DECFSZ     R11, 1
0x03FF	0x2BFA      	GOTO       L_Check_Password62
0x0400	0x0000      	NOP
0x0401	0x0000      	NOP
;MyProject.c,228 :: 		if(attempts >= 3){
0x0402	0x3080      	MOVLW      128
0x0403	0x066B      	XORWF      Check_Password_attempts_L0+1, 0
0x0404	0x00F0      	MOVWF      R0
0x0405	0x3080      	MOVLW      128
0x0406	0x0270      	SUBWF      R0, 0
0x0407	0x1D03      	BTFSS      STATUS, 2
0x0408	0x2C0B      	GOTO       L__Check_Password92
0x0409	0x3003      	MOVLW      3
0x040A	0x026A      	SUBWF      Check_Password_attempts_L0, 0
L__Check_Password92:
0x040B	0x1C03      	BTFSS      STATUS, 0
0x040C	0x2C56      	GOTO       L_Check_Password63
;MyProject.c,230 :: 		for(cnt = 60; cnt > 0; cnt--){
0x040D	0x303C      	MOVLW      60
0x040E	0x00EC      	MOVWF      Check_Password_cnt_L0
0x040F	0x3000      	MOVLW      0
0x0410	0x00ED      	MOVWF      Check_Password_cnt_L0+1
L_Check_Password64:
0x0411	0x3080      	MOVLW      128
0x0412	0x00F0      	MOVWF      R0
0x0413	0x3080      	MOVLW      128
0x0414	0x066D      	XORWF      Check_Password_cnt_L0+1, 0
0x0415	0x0270      	SUBWF      R0, 0
0x0416	0x1D03      	BTFSS      STATUS, 2
0x0417	0x2C1A      	GOTO       L__Check_Password93
0x0418	0x086C      	MOVF       Check_Password_cnt_L0, 0
0x0419	0x3C00      	SUBLW      0
L__Check_Password93:
0x041A	0x1803      	BTFSC      STATUS, 0
0x041B	0x2C54      	GOTO       L_Check_Password65
;MyProject.c,231 :: 		LCD_Cmd(_LCD_CLEAR);
0x041C	0x3001      	MOVLW      1
0x041D	0x1683      	BSF        STATUS, 5
0x041E	0x00AF      	MOVWF      FARG_Lcd_Cmd_out_char
0x041F	0x2061      	CALL       _Lcd_Cmd
;MyProject.c,232 :: 		LCD_Out(1,1,"Wait: ");
0x0420	0x3001      	MOVLW      1
0x0421	0x1683      	BSF        STATUS, 5
0x0422	0x00A0      	MOVWF      FARG_Lcd_Out_row
0x0423	0x3001      	MOVLW      1
0x0424	0x00A1      	MOVWF      FARG_Lcd_Out_column
0x0425	0x3048      	MOVLW      ?lstr10_MyProject
0x0426	0x00A2      	MOVWF      FARG_Lcd_Out_text
0x0427	0x2219      	CALL       _Lcd_Out
;MyProject.c,233 :: 		IntToStr(cnt, cnt_txt);
0x0428	0x086C      	MOVF       Check_Password_cnt_L0, 0
0x0429	0x1683      	BSF        STATUS, 5
0x042A	0x00A0      	MOVWF      FARG_IntToStr_input
0x042B	0x1283      	BCF        STATUS, 5
0x042C	0x086D      	MOVF       Check_Password_cnt_L0+1, 0
0x042D	0x1683      	BSF        STATUS, 5
0x042E	0x00A1      	MOVWF      FARG_IntToStr_input+1
0x042F	0x305C      	MOVLW      Check_Password_cnt_txt_L0
0x0430	0x00A2      	MOVWF      FARG_IntToStr_output
0x0431	0x21AF      	CALL       _IntToStr
;MyProject.c,234 :: 		LCD_Out(1,7,cnt_txt);
0x0432	0x3001      	MOVLW      1
0x0433	0x00A0      	MOVWF      FARG_Lcd_Out_row
0x0434	0x3007      	MOVLW      7
0x0435	0x00A1      	MOVWF      FARG_Lcd_Out_column
0x0436	0x305C      	MOVLW      Check_Password_cnt_txt_L0
0x0437	0x00A2      	MOVWF      FARG_Lcd_Out_text
0x0438	0x2219      	CALL       _Lcd_Out
;MyProject.c,235 :: 		LCD_Out(1,13,"s");
0x0439	0x3001      	MOVLW      1
0x043A	0x1683      	BSF        STATUS, 5
0x043B	0x00A0      	MOVWF      FARG_Lcd_Out_row
0x043C	0x300D      	MOVLW      13
0x043D	0x00A1      	MOVWF      FARG_Lcd_Out_column
0x043E	0x304F      	MOVLW      ?lstr11_MyProject
0x043F	0x00A2      	MOVWF      FARG_Lcd_Out_text
0x0440	0x2219      	CALL       _Lcd_Out
;MyProject.c,236 :: 		Delay_ms(250);
0x0441	0x3003      	MOVLW      3
0x0442	0x00FB      	MOVWF      R11
0x0443	0x308A      	MOVLW      138
0x0444	0x00FC      	MOVWF      R12
0x0445	0x3055      	MOVLW      85
0x0446	0x00FD      	MOVWF      R13
L_Check_Password67:
0x0447	0x0BFD      	DECFSZ     R13, 1
0x0448	0x2C47      	GOTO       L_Check_Password67
0x0449	0x0BFC      	DECFSZ     R12, 1
0x044A	0x2C47      	GOTO       L_Check_Password67
0x044B	0x0BFB      	DECFSZ     R11, 1
0x044C	0x2C47      	GOTO       L_Check_Password67
0x044D	0x0000      	NOP
0x044E	0x0000      	NOP
;MyProject.c,230 :: 		for(cnt = 60; cnt > 0; cnt--){
0x044F	0x3001      	MOVLW      1
0x0450	0x02EC      	SUBWF      Check_Password_cnt_L0, 1
0x0451	0x1C03      	BTFSS      STATUS, 0
0x0452	0x03ED      	DECF       Check_Password_cnt_L0+1, 1
;MyProject.c,237 :: 		}
0x0453	0x2C11      	GOTO       L_Check_Password64
L_Check_Password65:
;MyProject.c,238 :: 		attempts = 0; // Reset attempts after wait
0x0454	0x01EA      	CLRF       Check_Password_attempts_L0
0x0455	0x01EB      	CLRF       Check_Password_attempts_L0+1
;MyProject.c,239 :: 		}
L_Check_Password63:
;MyProject.c,240 :: 		}
L_Check_Password61:
;MyProject.c,241 :: 		}
0x0456	0x2B6F      	GOTO       L_Check_Password52
;MyProject.c,242 :: 		}
L_end_Check_Password:
0x0457	0x0008      	RETURN
; end of _Check_Password
_Keypad_Init:
;__Lib_Keypad4x4.c,33 :: 		
;__Lib_Keypad4x4.c,34 :: 		
0x0458	0x30FF      	MOVLW      255
0x0459	0x1683      	BSF        STATUS, 5
0x045A	0x1303      	BCF        STATUS, 6
0x045B	0x0086      	MOVWF      keypadport+128
;__Lib_Keypad4x4.c,35 :: 		
L_end_Keypad_Init:
0x045C	0x0008      	RETURN
; end of _Keypad_Init
___CC2DW:
;__Lib_System.c,134 :: 		
;__Lib_System.c,137 :: 		
_CC2D_Loop1:
;__Lib_System.c,139 :: 		
0x045D	0x230E      	CALL       _____DoICP
0x045E	0x118A      	BCF        PCLATH, 3
0x045F	0x120A      	BCF        PCLATH, 4
;__Lib_System.c,141 :: 		
0x0460	0x0080      	MOVWF      INDF
;__Lib_System.c,142 :: 		
0x0461	0x0A84      	INCF       FSR, 1
;__Lib_System.c,143 :: 		
0x0462	0x0AD1      	INCF       ___DoICPAddr, 1
;__Lib_System.c,145 :: 		
0x0463	0x1903      	BTFSC      STATUS, 2
;__Lib_System.c,146 :: 		
0x0464	0x0AD2      	INCF       ___DoICPAddr+1, 1
;__Lib_System.c,147 :: 		
0x0465	0x03F0      	DECF       R0, 1
;__Lib_System.c,149 :: 		
0x0466	0x1D03      	BTFSS      STATUS, 2
;__Lib_System.c,150 :: 		
0x0467	0x2C5D      	GOTO       _CC2D_Loop1
;__Lib_System.c,152 :: 		
L_end___CC2DW:
0x0468	0x0008      	RETURN
; end of ___CC2DW
_Lcd_Init:
;__Lib_Lcd.c,84 :: 		
;__Lib_Lcd.c,86 :: 		
0x0469	0x1683      	BSF        STATUS, 5
0x046A	0x1303      	BCF        STATUS, 6
0x046B	0x1188      	BCF        LCD_EN_Direction, BitPos(LCD_EN_Direction+0)
;__Lib_Lcd.c,87 :: 		
0x046C	0x1108      	BCF        LCD_RS_Direction, BitPos(LCD_RS_Direction+0)
;__Lib_Lcd.c,88 :: 		
0x046D	0x1208      	BCF        LCD_D4_Direction, BitPos(LCD_D4_Direction+0)
;__Lib_Lcd.c,89 :: 		
0x046E	0x1288      	BCF        LCD_D5_Direction, BitPos(LCD_D5_Direction+0)
;__Lib_Lcd.c,90 :: 		
0x046F	0x1308      	BCF        LCD_D6_Direction, BitPos(LCD_D6_Direction+0)
;__Lib_Lcd.c,91 :: 		
0x0470	0x1388      	BCF        LCD_D7_Direction, BitPos(LCD_D7_Direction+0)
;__Lib_Lcd.c,93 :: 		
0x0471	0x1283      	BCF        STATUS, 5
0x0472	0x1188      	BCF        LCD_EN, BitPos(LCD_EN+0)
;__Lib_Lcd.c,94 :: 		
0x0473	0x1108      	BCF        LCD_RS, BitPos(LCD_RS+0)
;__Lib_Lcd.c,95 :: 		
0x0474	0x1388      	BCF        LCD_D7, BitPos(LCD_D7+0)
;__Lib_Lcd.c,96 :: 		
0x0475	0x1308      	BCF        LCD_D6, BitPos(LCD_D6+0)
;__Lib_Lcd.c,97 :: 		
0x0476	0x1288      	BCF        LCD_D5, BitPos(LCD_D5+0)
;__Lib_Lcd.c,98 :: 		
0x0477	0x1208      	BCF        LCD_D4, BitPos(LCD_D4+0)
;__Lib_Lcd.c,100 :: 		
0x0478	0x201C      	CALL       _Delay_5500us
;__Lib_Lcd.c,101 :: 		
0x0479	0x201C      	CALL       _Delay_5500us
;__Lib_Lcd.c,102 :: 		
0x047A	0x201C      	CALL       _Delay_5500us
;__Lib_Lcd.c,105 :: 		
0x047B	0x1688      	BSF        LCD_D5, BitPos(LCD_D5+0)
;__Lib_Lcd.c,106 :: 		
0x047C	0x1608      	BSF        LCD_D4, BitPos(LCD_D4+0)
;__Lib_Lcd.c,107 :: 		
0x047D	0x1588      	BSF        LCD_EN, BitPos(LCD_EN+0)
;__Lib_Lcd.c,108 :: 		
0x047E	0x2019      	CALL       _Delay_1us
;__Lib_Lcd.c,109 :: 		
0x047F	0x1188      	BCF        LCD_EN, BitPos(LCD_EN+0)
;__Lib_Lcd.c,110 :: 		
0x0480	0x201C      	CALL       _Delay_5500us
;__Lib_Lcd.c,112 :: 		
0x0481	0x1588      	BSF        LCD_EN, BitPos(LCD_EN+0)
;__Lib_Lcd.c,113 :: 		
0x0482	0x2019      	CALL       _Delay_1us
;__Lib_Lcd.c,114 :: 		
0x0483	0x1188      	BCF        LCD_EN, BitPos(LCD_EN+0)
;__Lib_Lcd.c,115 :: 		
0x0484	0x201C      	CALL       _Delay_5500us
;__Lib_Lcd.c,117 :: 		
0x0485	0x1588      	BSF        LCD_EN, BitPos(LCD_EN+0)
;__Lib_Lcd.c,118 :: 		
0x0486	0x2019      	CALL       _Delay_1us
;__Lib_Lcd.c,119 :: 		
0x0487	0x1188      	BCF        LCD_EN, BitPos(LCD_EN+0)
;__Lib_Lcd.c,120 :: 		
0x0488	0x201C      	CALL       _Delay_5500us
;__Lib_Lcd.c,123 :: 		
0x0489	0x1208      	BCF        LCD_D4, BitPos(LCD_D4+0)
;__Lib_Lcd.c,124 :: 		
0x048A	0x1588      	BSF        LCD_EN, BitPos(LCD_EN+0)
;__Lib_Lcd.c,125 :: 		
0x048B	0x2019      	CALL       _Delay_1us
;__Lib_Lcd.c,126 :: 		
0x048C	0x1188      	BCF        LCD_EN, BitPos(LCD_EN+0)
;__Lib_Lcd.c,127 :: 		
0x048D	0x201C      	CALL       _Delay_5500us
;__Lib_Lcd.c,130 :: 		
0x048E	0x1588      	BSF        LCD_EN, BitPos(LCD_EN+0)
;__Lib_Lcd.c,131 :: 		
0x048F	0x2019      	CALL       _Delay_1us
;__Lib_Lcd.c,132 :: 		
0x0490	0x1188      	BCF        LCD_EN, BitPos(LCD_EN+0)
;__Lib_Lcd.c,134 :: 		
0x0491	0x1288      	BCF        LCD_D5, BitPos(LCD_D5+0)
;__Lib_Lcd.c,135 :: 		
0x0492	0x1788      	BSF        LCD_D7, BitPos(LCD_D7+0)
;__Lib_Lcd.c,136 :: 		
0x0493	0x1588      	BSF        LCD_EN, BitPos(LCD_EN+0)
;__Lib_Lcd.c,137 :: 		
0x0494	0x2019      	CALL       _Delay_1us
;__Lib_Lcd.c,138 :: 		
0x0495	0x1188      	BCF        LCD_EN, BitPos(LCD_EN+0)
;__Lib_Lcd.c,139 :: 		
0x0496	0x201C      	CALL       _Delay_5500us
;__Lib_Lcd.c,142 :: 		
0x0497	0x1388      	BCF        LCD_D7, BitPos(LCD_D7+0)
;__Lib_Lcd.c,143 :: 		
0x0498	0x1608      	BSF        LCD_D4, BitPos(LCD_D4+0)
;__Lib_Lcd.c,144 :: 		
0x0499	0x1588      	BSF        LCD_EN, BitPos(LCD_EN+0)
;__Lib_Lcd.c,145 :: 		
0x049A	0x2019      	CALL       _Delay_1us
;__Lib_Lcd.c,146 :: 		
0x049B	0x1188      	BCF        LCD_EN, BitPos(LCD_EN+0)
;__Lib_Lcd.c,148 :: 		
0x049C	0x1208      	BCF        LCD_D4, BitPos(LCD_D4+0)
;__Lib_Lcd.c,149 :: 		
0x049D	0x1588      	BSF        LCD_EN, BitPos(LCD_EN+0)
;__Lib_Lcd.c,150 :: 		
0x049E	0x2019      	CALL       _Delay_1us
;__Lib_Lcd.c,151 :: 		
0x049F	0x1188      	BCF        LCD_EN, BitPos(LCD_EN+0)
;__Lib_Lcd.c,152 :: 		
0x04A0	0x201C      	CALL       _Delay_5500us
;__Lib_Lcd.c,155 :: 		
0x04A1	0x1588      	BSF        LCD_EN, BitPos(LCD_EN+0)
;__Lib_Lcd.c,156 :: 		
0x04A2	0x2019      	CALL       _Delay_1us
;__Lib_Lcd.c,157 :: 		
0x04A3	0x1188      	BCF        LCD_EN, BitPos(LCD_EN+0)
;__Lib_Lcd.c,159 :: 		
0x04A4	0x1608      	BSF        LCD_D4, BitPos(LCD_D4+0)
;__Lib_Lcd.c,160 :: 		
0x04A5	0x1588      	BSF        LCD_EN, BitPos(LCD_EN+0)
;__Lib_Lcd.c,161 :: 		
0x04A6	0x2019      	CALL       _Delay_1us
;__Lib_Lcd.c,162 :: 		
0x04A7	0x1188      	BCF        LCD_EN, BitPos(LCD_EN+0)
;__Lib_Lcd.c,163 :: 		
0x04A8	0x201C      	CALL       _Delay_5500us
;__Lib_Lcd.c,166 :: 		
0x04A9	0x1208      	BCF        LCD_D4, BitPos(LCD_D4+0)
;__Lib_Lcd.c,167 :: 		
0x04AA	0x1588      	BSF        LCD_EN, BitPos(LCD_EN+0)
;__Lib_Lcd.c,168 :: 		
0x04AB	0x2019      	CALL       _Delay_1us
;__Lib_Lcd.c,169 :: 		
0x04AC	0x1188      	BCF        LCD_EN, BitPos(LCD_EN+0)
;__Lib_Lcd.c,171 :: 		
0x04AD	0x1788      	BSF        LCD_D7, BitPos(LCD_D7+0)
;__Lib_Lcd.c,172 :: 		
0x04AE	0x1708      	BSF        LCD_D6, BitPos(LCD_D6+0)
;__Lib_Lcd.c,173 :: 		
0x04AF	0x1688      	BSF        LCD_D5, BitPos(LCD_D5+0)
;__Lib_Lcd.c,174 :: 		
0x04B0	0x1608      	BSF        LCD_D4, BitPos(LCD_D4+0)
;__Lib_Lcd.c,175 :: 		
0x04B1	0x1588      	BSF        LCD_EN, BitPos(LCD_EN+0)
;__Lib_Lcd.c,176 :: 		
0x04B2	0x2019      	CALL       _Delay_1us
;__Lib_Lcd.c,177 :: 		
0x04B3	0x1188      	BCF        LCD_EN, BitPos(LCD_EN+0)
;__Lib_Lcd.c,179 :: 		
0x04B4	0x201C      	CALL       _Delay_5500us
;__Lib_Lcd.c,181 :: 		
0x04B5	0x1453      	BSF        __Lib_Lcd_cmd_status, BitPos(__Lib_Lcd_cmd_status+0)
;__Lib_Lcd.c,182 :: 		
L_end_Lcd_Init:
0x04B6	0x0008      	RETURN
; end of _Lcd_Init
_main:
0x04B7	0x2510      	CALL       1296
;MyProject.c,245 :: 		void main(){
;MyProject.c,246 :: 		ADCON1 = 0x06;   // Configure analog pins as digital = >without it leds not operate
0x04B8	0x3006      	MOVLW      6
0x04B9	0x1683      	BSF        STATUS, 5
0x04BA	0x1303      	BCF        STATUS, 6
0x04BB	0x009F      	MOVWF      ADCON1
;MyProject.c,249 :: 		TRIG_Direction  = 0;
0x04BC	0x1007      	BCF        TRISC0_bit, BitPos(TRISC0_bit+0)
;MyProject.c,250 :: 		ECHO_Direction  = 1;
0x04BD	0x1487      	BSF        TRISC1_bit, BitPos(TRISC1_bit+0)
;MyProject.c,251 :: 		TRIG2_Direction = 0;
0x04BE	0x1107      	BCF        TRISC2_bit, BitPos(TRISC2_bit+0)
;MyProject.c,252 :: 		ECHO2_Direction = 1;
0x04BF	0x1587      	BSF        TRISC3_bit, BitPos(TRISC3_bit+0)
;MyProject.c,253 :: 		SERVO_Direction = 0;
0x04C0	0x1207      	BCF        TRISC4_bit, BitPos(TRISC4_bit+0)
;MyProject.c,254 :: 		LED_RED_Direction = 0;
0x04C1	0x1085      	BCF        TRISA1_bit, BitPos(TRISA1_bit+0)
;MyProject.c,255 :: 		LED_GREEN_Direction = 0;
0x04C2	0x1005      	BCF        TRISA0_bit, BitPos(TRISA0_bit+0)
;MyProject.c,257 :: 		LED_RED = 1;
0x04C3	0x1283      	BCF        STATUS, 5
0x04C4	0x1485      	BSF        RA1_bit, BitPos(RA1_bit+0)
;MyProject.c,258 :: 		LED_GREEN = 0;
0x04C5	0x1005      	BCF        RA0_bit, BitPos(RA0_bit+0)
;MyProject.c,260 :: 		LCD_Init();
0x04C6	0x2469      	CALL       _Lcd_Init
;MyProject.c,261 :: 		Keypad_Init();
0x04C7	0x2458      	CALL       _Keypad_Init
;MyProject.c,267 :: 		Delay_ms(500);
0x04C8	0x3006      	MOVLW      6
0x04C9	0x00FB      	MOVWF      R11
0x04CA	0x3013      	MOVLW      19
0x04CB	0x00FC      	MOVWF      R12
0x04CC	0x30AD      	MOVLW      173
0x04CD	0x00FD      	MOVWF      R13
L_main68:
0x04CE	0x0BFD      	DECFSZ     R13, 1
0x04CF	0x2CCE      	GOTO       L_main68
0x04D0	0x0BFC      	DECFSZ     R12, 1
0x04D1	0x2CCE      	GOTO       L_main68
0x04D2	0x0BFB      	DECFSZ     R11, 1
0x04D3	0x2CCE      	GOTO       L_main68
0x04D4	0x0000      	NOP
0x04D5	0x0000      	NOP
;MyProject.c,269 :: 		Check_Password(); // Start Password System
0x04D6	0x235E      	CALL       _Check_Password
;MyProject.c,271 :: 		while(1);
L_main69:
0x04D7	0x2CD7      	GOTO       L_main69
;MyProject.c,272 :: 		}
L_end_main:
0x04D8	0x2CD8      	GOTO       $+0
; end of _main
0x0510	0x3020      	MOVLW      32
0x0511	0x0084      	MOVWF      FSR
0x0512	0x3031      	MOVLW      49
0x0513	0x1283      	BCF        STATUS, 5
0x0514	0x1303      	BCF        STATUS, 6
0x0515	0x00F0      	MOVWF      R0
0x0516	0x30DE      	MOVLW      222
0x0517	0x00D1      	MOVWF      ___DoICPAddr
0x0518	0x3004      	MOVLW      4
0x0519	0x00D2      	MOVWF      82
0x051A	0x245D      	CALL       1117
0x051B	0x0008      	RETURN
;MyProject.c,0 :: ?ICS?lstr9_MyProject
0x04DE	0x3457 ;?ICS?lstr9_MyProject+0
0x04DF	0x3472 ;?ICS?lstr9_MyProject+1
0x04E0	0x346F ;?ICS?lstr9_MyProject+2
0x04E1	0x346E ;?ICS?lstr9_MyProject+3
0x04E2	0x3467 ;?ICS?lstr9_MyProject+4
0x04E3	0x3420 ;?ICS?lstr9_MyProject+5
0x04E4	0x3450 ;?ICS?lstr9_MyProject+6
0x04E5	0x3461 ;?ICS?lstr9_MyProject+7
0x04E6	0x3473 ;?ICS?lstr9_MyProject+8
0x04E7	0x3473 ;?ICS?lstr9_MyProject+9
0x04E8	0x3477 ;?ICS?lstr9_MyProject+10
0x04E9	0x346F ;?ICS?lstr9_MyProject+11
0x04EA	0x3472 ;?ICS?lstr9_MyProject+12
0x04EB	0x3464 ;?ICS?lstr9_MyProject+13
0x04EC	0x3400 ;?ICS?lstr9_MyProject+14
; end of ?ICS?lstr9_MyProject
;MyProject.c,0 :: ?ICS?lstr8_MyProject
0x04ED	0x3443 ;?ICS?lstr8_MyProject+0
0x04EE	0x346F ;?ICS?lstr8_MyProject+1
0x04EF	0x3472 ;?ICS?lstr8_MyProject+2
0x04F0	0x3472 ;?ICS?lstr8_MyProject+3
0x04F1	0x3465 ;?ICS?lstr8_MyProject+4
0x04F2	0x3463 ;?ICS?lstr8_MyProject+5
0x04F3	0x3474 ;?ICS?lstr8_MyProject+6
0x04F4	0x3421 ;?ICS?lstr8_MyProject+7
0x04F5	0x3400 ;?ICS?lstr8_MyProject+8
; end of ?ICS?lstr8_MyProject
;MyProject.c,0 :: ?ICS?lstr7_MyProject
0x04F6	0x3445 ;?ICS?lstr7_MyProject+0
0x04F7	0x346E ;?ICS?lstr7_MyProject+1
0x04F8	0x3474 ;?ICS?lstr7_MyProject+2
0x04F9	0x3465 ;?ICS?lstr7_MyProject+3
0x04FA	0x3472 ;?ICS?lstr7_MyProject+4
0x04FB	0x3420 ;?ICS?lstr7_MyProject+5
0x04FC	0x3450 ;?ICS?lstr7_MyProject+6
0x04FD	0x3461 ;?ICS?lstr7_MyProject+7
0x04FE	0x3473 ;?ICS?lstr7_MyProject+8
0x04FF	0x3473 ;?ICS?lstr7_MyProject+9
0x0500	0x3477 ;?ICS?lstr7_MyProject+10
0x0501	0x346F ;?ICS?lstr7_MyProject+11
0x0502	0x3472 ;?ICS?lstr7_MyProject+12
0x0503	0x3464 ;?ICS?lstr7_MyProject+13
0x0504	0x343A ;?ICS?lstr7_MyProject+14
0x0505	0x3400 ;?ICS?lstr7_MyProject+15
; end of ?ICS?lstr7_MyProject
;MyProject.c,0 :: ?ICS?lstr10_MyProject
0x0506	0x3457 ;?ICS?lstr10_MyProject+0
0x0507	0x3461 ;?ICS?lstr10_MyProject+1
0x0508	0x3469 ;?ICS?lstr10_MyProject+2
0x0509	0x3474 ;?ICS?lstr10_MyProject+3
0x050A	0x343A ;?ICS?lstr10_MyProject+4
0x050B	0x3420 ;?ICS?lstr10_MyProject+5
0x050C	0x3400 ;?ICS?lstr10_MyProject+6
; end of ?ICS?lstr10_MyProject
;MyProject.c,0 :: ?ICS?lstr11_MyProject
0x050D	0x3473 ;?ICS?lstr11_MyProject+0
0x050E	0x3400 ;?ICS?lstr11_MyProject+1
; end of ?ICS?lstr11_MyProject
Symbol List:
//** Routines locations **
//ADDRESS    SIZE    PROCEDURE
//----------------------------------------------
0x0004      [14]    _interrupt
0x0012       [7]    _Delay_50us
0x0019       [3]    _Delay_1us
0x001C      [13]    _Delay_5500us
0x0029      [27]    _UpdateGarageLEDs
0x0044      [29]    _Div_16x16_U
0x0061      [87]    _Lcd_Cmd
0x00B8      [43]    _Mul_16x16_U
0x00E3      [66]    _WordToStr
0x0125       [9]    _Lcd_Chr_CP
0x012E      [72]    _Servo_SetAngle
0x0176      [49]    _Keypad_Key_Press
0x01A7       [8]    _Delay_10us
0x01AF     [106]    _IntToStr
0x0219      [68]    _Lcd_Out
0x025D     [121]    _Get_Key_Char
0x02D6      [56]    _Lcd_Chr
0x030E       [7]    _____DoICP
0x0315      [14]    _Keypad_Key_Click
0x0323      [32]    _strcmp
0x0343      [27]    _Turn_On_Servo
0x035E     [250]    _Check_Password
0x0458       [5]    _Keypad_Init
0x045D      [12]    ___CC2DW
0x0469      [78]    _Lcd_Init
0x04B7      [33]    _main
//** Variables locations ** 
//ADDRESS    SIZE    VARIABLE
//----------------------------------------------
0x0000       [1]    INDF
0x0002       [1]    PCL
0x0003       [1]    STATUS
0x0004       [1]    FSR
0x0005       [0]    LED_RED
0x0005       [0]    LED_GREEN
0x0005       [0]    RA1_bit
0x0005       [0]    RA0_bit
0x0006       [1]    PORTB
0x0006       [1]    keypadport
0x0007       [0]    RC4_bit
0x0007       [0]    SERVO
0x0008       [0]    LCD_D6
0x0008       [0]    RD2_bit
0x0008       [0]    RD5_bit
0x0008       [0]    LCD_D7
0x0008       [0]    RD3_bit
0x0008       [0]    LCD_EN
0x0008       [0]    RD7_bit
0x0008       [0]    LCD_RS
0x0008       [0]    RD4_bit
0x0008       [0]    LCD_D5
0x0008       [0]    RD6_bit
0x0008       [0]    LCD_D4
0x000A       [1]    PCLATH
0x0020      [15]    ?lstr9_MyProject
0x002F       [9]    ?lstr8_MyProject
0x0038      [16]    ?lstr7_MyProject
0x0048       [7]    ?lstr10_MyProject
0x004F       [2]    ?lstr11_MyProject
0x0051       [2]    ___DoICPAddr
0x0053       [0]    __Lib_Lcd_cmd_status
0x0054       [1]    ___saveSTATUS
0x0055       [1]    ___savePCLATH
0x0056       [5]    Check_Password_entered_pass_L0
0x005B       [1]    Check_Password_key_L0
0x005C       [7]    Check_Password_cnt_txt_L0
0x0063       [5]    Check_Password_password_L0
0x0068       [2]    Check_Password_i_L0
0x006A       [2]    Check_Password_attempts_L0
0x006C       [2]    Check_Password_cnt_L0
0x006E       [1]    FLOC__Check_Password
0x006F       [1]    FARG_Get_Key_Char_key
0x006F       [1]    Lcd_Out_i_L0
0x006F       [1]    Keypad_Key_Click_rslt_L0
0x0070       [1]    R0
0x0071       [1]    R1
0x0072       [1]    R2
0x0073       [1]    R3
0x0074       [1]    R4
0x0075       [1]    R5
0x0076       [1]    R6
0x0077       [1]    R7
0x0078       [1]    R8
0x0079       [1]    R9
0x007A       [1]    R10
0x007B       [1]    R11
0x007C       [1]    R12
0x007D       [1]    R13
0x007E       [1]    R14
0x007F       [1]    R15
0x0085       [0]    LED_RED_Direction
0x0085       [0]    LED_GREEN_Direction
0x0085       [0]    TRISA1_bit
0x0085       [0]    TRISA0_bit
0x0087       [0]    TRISC0_bit
0x0087       [0]    SERVO_Direction
0x0087       [0]    ECHO2_Direction
0x0087       [0]    TRIG2_Direction
0x0087       [0]    TRISC1_bit
0x0087       [0]    ECHO_Direction
0x0087       [0]    TRIG_Direction
0x0087       [0]    TRISC2_bit
0x0087       [0]    TRISC3_bit
0x0087       [0]    TRISC4_bit
0x0088       [0]    TRISD4_bit
0x0088       [0]    TRISD6_bit
0x0088       [0]    TRISD5_bit
0x0088       [0]    LCD_RS_Direction
0x0088       [0]    TRISD3_bit
0x0088       [0]    TRISD2_bit
0x0088       [0]    TRISD7_bit
0x0088       [0]    LCD_D5_Direction
0x0088       [0]    LCD_D7_Direction
0x0088       [0]    LCD_D6_Direction
0x0088       [0]    LCD_EN_Direction
0x0088       [0]    LCD_D4_Direction
0x009F       [1]    ADCON1
0x00A0       [1]    FARG_Lcd_Out_row
0x00A0       [2]    Turn_On_Servo_i_L0
0x00A0       [1]    FARG_Lcd_Chr_row
0x00A0       [1]    FARG_strcmp_s1
0x00A0       [2]    FARG_IntToStr_input
0x00A1       [1]    FARG_Lcd_Out_column
0x00A1       [1]    FARG_strcmp_s2
0x00A1       [1]    FARG_Lcd_Chr_column
0x00A2       [1]    FARG_IntToStr_output
0x00A2       [1]    FARG_Lcd_Out_text
0x00A2       [1]    FARG_Lcd_Chr_out_char
0x00A3       [2]    IntToStr_i_L0
0x00A5       [2]    IntToStr_negative_L0
0x00A7       [2]    IntToStr_inword_L0
0x00A9       [2]    FARG_Servo_SetAngle_angle
0x00A9       [2]    FARG_WordToStr_input
0x00A9       [1]    Keypad_Key_Press_rslt_L0
0x00A9       [1]    FARG_Lcd_Chr_CP_out_char
0x00AA       [1]    Keypad_Key_Press_kdata_L0
0x00AB       [2]    Servo_SetAngle_pulse_L0
0x00AB       [1]    Keypad_Key_Press_loc_L0
0x00AB       [1]    FARG_WordToStr_output
0x00AC       [1]    WordToStr_len_L0
0x00AC       [1]    Keypad_Key_Press_rowcnt_L0
0x00AD       [1]    Keypad_Key_Press_shifter_L0
0x00AD       [1]    FLOC__WordToStr
0x00AD       [2]    Servo_SetAngle_i_L0
0x00AF       [2]    FARG_UpdateGarageLEDs_angle
0x00AF       [1]    FARG_Lcd_Cmd_out_char
//** Constants locations ** 
//ADDRESS    SIZE    CONSTANT
//----------------------------------------------
0x04DE      [15]    ?ICS?lstr9_MyProject
0x04ED       [9]    ?ICS?lstr8_MyProject
0x04F6      [16]    ?ICS?lstr7_MyProject
0x0506       [7]    ?ICS?lstr10_MyProject
0x050D       [2]    ?ICS?lstr11_MyProject
//** Label List: ** 
//----------------------------------------------
  L_getDistance10
  L_getDistance11
  L_getDistance12
  L_getDistance13
  L_getDistance14
  L_getDistance15
  L_getDistance16
  L_getDistance27
  L_getDistance28
  L_getDistance29
  L_getDistance210
  L_getDistance211
  L_getDistance212
  L_getDistance213
  L_UpdateGarageLEDs14
  L_UpdateGarageLEDs15
  L_UpdateGarageLEDs16
  L_Servo_SetAngle17
  L_Servo_SetAngle18
  L_Servo_SetAngle19
  L_Servo_SetAngle20
  L_Servo_SetAngle21
  L_Servo_SetAngle22
  L_Turn_On_Servo23
  L_Turn_On_Servo24
  L_Turn_On_Servo25
  L_Turn_On_LCD26
  L_Turn_On_Keypad27
  L_Turn_On_Keypad28
  L_Turn_On_Keypad29
  L_Turn_On_Keypad30
  L_Turn_On_Ultrasonic31
  L_Turn_On_Ultrasonic32
  L_Get_Key_Char33
  L_Get_Key_Char34
  L_Get_Key_Char35
  L_Get_Key_Char36
  L_Get_Key_Char37
  L_Get_Key_Char38
  L_Get_Key_Char39
  L_Get_Key_Char40
  L_Get_Key_Char41
  L_Get_Key_Char42
  L_Get_Key_Char43
  L_Get_Key_Char44
  L_Get_Key_Char45
  L_Get_Key_Char46
  L_Get_Key_Char47
  L_Get_Key_Char48
  L_Get_Key_Char49
  L_Get_Key_Char50
  L_Get_Key_Char51
  L_Check_Password52
  L_Check_Password53
  L_Check_Password54
  L_Check_Password55
  L_Check_Password56
  L_Check_Password57
  L_Check_Password58
  L_Check_Password59
  L_Check_Password60
  L_Check_Password61
  L_Check_Password62
  L_Check_Password63
  L_Check_Password64
  L_Check_Password65
  L_Check_Password66
  L_Check_Password67
  L_main68
  L_main69
  L_main70
  L_end_getDistance1
  _getDistance1
  L__getDistance172
  L__getDistance173
  L_end_getDistance2
  _getDistance2
  L__getDistance275
  L__getDistance276
  L_end_UpdateGarageLEDs
  _UpdateGarageLEDs
  L__UpdateGarageLEDs78
  L__UpdateGarageLEDs79
  L_end_Servo_SetAngle
  _Servo_SetAngle
  L__Servo_SetAngle81
  L__Servo_SetAngle82
  L_end_Turn_On_Servo
  _Turn_On_Servo
  L__Turn_On_Servo84
  L_end_Turn_On_LCD
  _Turn_On_LCD
  L_end_Turn_On_Keypad
  _Turn_On_Keypad
  L_end_Turn_On_Ultrasonic
  _Turn_On_Ultrasonic
  L_end_Get_Key_Char
  _Get_Key_Char
  L_end_Check_Password
  _Check_Password
  L__Check_Password90
  L__Check_Password91
  L__Check_Password92
  L__Check_Password93
  L_end_main
  _main
  L_end_interrupt
  _interrupt
  L__interrupt96
  L_ByteToStr0
  L_ByteToStr1
  L_ByteToStr2
  L_ByteToStr3
  L_ByteToStr4
  L_ByteToStr5
  L_WordToStr6
  L_WordToStr7
  L_WordToStr8
  L_WordToStr9
  L_WordToStr10
  L_WordToStr11
  L_WordToStrWithZeros12
  L_WordToStrWithZeros13
  L_WordToStrWithZeros14
  L_WordToStrWithZeros15
  L_WordToStrWithZeros16
  L_ShortToStr17
  L_ShortToStr18
  L_ShortToStr19
  L_ShortToStr20
  L_ShortToStr21
  L_ShortToStr22
  L_IntToStr23
  L_IntToStr24
  L_IntToStr25
  L_IntToStr26
  L_IntToStr27
  L_IntToStr28
  L_IntToStrWithZeros29
  L_IntToStrWithZeros30
  L_IntToStrWithZeros31
  L_IntToStrWithZeros32
  L_IntToStrWithZeros33
  L_IntToStrWithZeros34
  L_IntToStrWithZeros35
  L_IntToStrWithZeros36
  L_IntToStrWithZeros37
  L_LongWordToStr38
  L_LongWordToStr39
  L_LongWordToStr40
  L_LongWordToStr41
  L_LongWordToStr42
  L_LongWordToStr43
  L_LongWordToStrWithZeros44
  L_LongWordToStrWithZeros45
  L_LongWordToStrWithZeros46
  L_LongWordToStrWithZeros47
  L_LongWordToStrWithZeros48
  L_LongToStr49
  L_LongToStr50
  L_LongToStr51
  L_LongToStr52
  L_LongToStr53
  L_LongToStr54
  L_LongIntToStrWithZeros55
  L_LongIntToStrWithZeros56
  L_LongIntToStrWithZeros57
  L_LongIntToStrWithZeros58
  L_LongIntToStrWithZeros59
  L_LongIntToStrWithZeros60
  L_LongIntToStrWithZeros61
  L_LongIntToStrWithZeros62
  L_LongIntToStrWithZeros63
  L_Dec2Bcd64
  L_Dec2Bcd65
  L_Rtrim66
  L_Rtrim67
  L_Rtrim68
  L_Rtrim69
  L_Ltrim70
  L_Ltrim71
  L_Ltrim72
  L_Ltrim73
  L_Ltrim74
  L_Ltrim75
  L_FloatToStr76
  L_FloatToStr77
  L_FloatToStr78
  L_FloatToStr79
  L_FloatToStr80
  L_FloatToStr81
  L_FloatToStr82
  L_FloatToStr83
  L_FloatToStr84
  L_FloatToStr85
  L_FloatToStr86
  L_FloatToStr87
  L_FloatToStr88
  L_FloatToStr89
  L_FloatToStr90
  L_FloatToStr91
  L_FloatToStr92
  L_FloatToStr93
  L_FloatToStr94
  L_FloatToStr95
  L_FloatToStr96
  L_FloatToStr97
  L__Rtrim98
  L__Ltrim99
  L__FloatToStr100
  L_end_ByteToHex
  _ByteToHex
  L_end_ShortToHex
  _ShortToHex
  L_end_WordToHex
  _WordToHex
  L_end_IntToHex
  _IntToHex
  L_end_LongWordToHex
  _LongWordToHex
  L_end_LongIntToHex
  _LongIntToHex
  L_end_ByteToStr
  _ByteToStr
  L_end_WordToStr
  _WordToStr
  L__WordToStr109
  L_end_WordToStrWithZeros
  _WordToStrWithZeros
  L__WordToStrWithZeros111
  L_end_ShortToStr
  _ShortToStr
  L__ShortToStr113
  L_end_IntToStr
  _IntToStr
  L__IntToStr115
  L__IntToStr116
  L_end_IntToStrWithZeros
  _IntToStrWithZeros
  L__IntToStrWithZeros118
  L__IntToStrWithZeros119
  L__IntToStrWithZeros120
  L_end_LongWordToStr
  _LongWordToStr
  L__LongWordToStr122
  L__LongWordToStr123
  L_end_LongWordToStrWithZeros
  _LongWordToStrWithZeros
  L__LongWordToStrWithZeros125
  L_end_LongToStr
  _LongToStr
  L__LongToStr127
  L__LongToStr128
  L_end_LongIntToStrWithZeros
  _LongIntToStrWithZeros
  L__LongIntToStrWithZeros130
  L__LongIntToStrWithZeros131
  L__LongIntToStrWithZeros132
  L_end_Dec2Bcd
  _Dec2Bcd
  L_end_Bcd2Dec
  _Bcd2Dec
  L_end_Bcd2Dec16
  _Bcd2Dec16
  L__Bcd2Dec16136
  L__Bcd2Dec16137
  L_end_Dec2Bcd16
  _Dec2Bcd16
  L__Dec2Bcd16139
  L__Dec2Bcd16140
  L_end_Rtrim
  _Rtrim
  L_end_Ltrim
  _Ltrim
  L_end_FloatToStr
  _FloatToStr
  L__FloatToStr144
  L__FloatToStr145
  L__FloatToStr146
  L__FloatToStr147
  L__FloatToStr148
  L_memchr0
  L_memchr1
  L_memchr2
  L_memchr3
  L_memcmp4
  L_memcmp5
  L_memcmp6
  L_memcpy7
  L_memcpy8
  L_memmove9
  L_memmove10
  L_memmove11
  L_memmove12
  L_memmove13
  L_memmove14
  L_memmove15
  L_memmove16
  L_memmove17
  L_memmove18
  L_memmove19
  L_memset20
  L_memset21
  L_strcat22
  L_strcat23
  L_strcat24
  L_strcat25
  L_strchr26
  L_strchr27
  L_strchr28
  L_strchr29
  L_strcmp30
  L_strcmp31
  L_strcmp32
  L_strcmp33
  L_strcpy34
  L_strcpy35
  L_strlen36
  L_strlen37
  L_strncat38
  L_strncat39
  L_strncat40
  L_strncat41
  L_strncat42
  L_strncat43
  L_strncat44
  L_strncpy45
  L_strncpy46
  L_strncpy47
  L_strncpy48
  L_strncpy49
  L_strspn50
  L_strspn51
  L_strspn52
  L_strspn53
  L_strcspn54
  L_strcspn55
  L_strcspn56
  L_strcspn57
  L_strncmp58
  L_strncmp59
  L_strncmp60
  L_strncmp61
  L_strncmp62
  L_strpbrk63
  L_strpbrk64
  L_strpbrk65
  L_strrchr66
  L_strrchr67
  L_strrchr68
  L_strrchr69
  L_strstr70
  L_strstr71
  L_strstr72
  L_strstr73
  L_strstr74
  L_strtok75
  L_strtok76
  L_strtok77
  L_strtok78
  L_strtok79
  L__memmove80
  L__strcmp81
  L__strncat82
  L__strspn83
  L__strcspn84
  L__strncmp85
  L__strstr86
  L_end_memchr
  _memchr
  L_end_memcmp
  _memcmp
  L__memcmp89
  L_end_memcpy
  _memcpy
  L_end_memmove
  _memmove
  L_end_memset
  _memset
  L_end_strcat
  _strcat
  L_end_strchr
  _strchr
  L_end_strcmp
  _strcmp
  L_end_strcpy
  _strcpy
  L_end_strlen
  _strlen
  L_end_strncat
  _strncat
  L__strncat99
  L_end_strncpy
  _strncpy
  L_end_strspn
  _strspn
  L_end_strcspn
  _strcspn
  L_end_strncmp
  _strncmp
  L_end_strpbrk
  _strpbrk
  L_end_strrchr
  _strrchr
  L_end_strstr
  _strstr
  L__strstr107
  L_end_strtok
  _strtok
  L_Delay_10us0
  L_Delay_22us1
  L_Delay_50us2
  L_Delay_80us3
  L_Delay_500us4
  L_Delay_5500us5
  L_Delay_1ms6
  L_Delay_5ms7
  L_Delay_8ms8
  L_Delay_10ms9
  L_Delay_100ms10
  L_Delay_1sec11
  L_boot16_Delay_5ms12
  L_Delay_Cyc13
  L_Delay_Cyc14
  L_VDelay_ms15
  L_VDelay_ms16
  L_VDelay_ms17
  L_VDelay_Advanced_ms18
  L_VDelay_Advanced_ms19
  L_VDelay_Advanced_ms20
  L_end_Get_Fosc_kHz
  _Get_Fosc_kHz
  L_end_Delay_1us
  _Delay_1us
  L_end_Delay_10us
  _Delay_10us
  L_end_Delay_22us
  _Delay_22us
  L_end_Delay_50us
  _Delay_50us
  L_end_Delay_80us
  _Delay_80us
  L_end_Delay_500us
  _Delay_500us
  L_end_Delay_5500us
  _Delay_5500us
  L_end_Delay_1ms
  _Delay_1ms
  L_end_Delay_5ms
  _Delay_5ms
  L_end_Delay_8ms
  _Delay_8ms
  L_end_Delay_10ms
  _Delay_10ms
  L_end_Delay_100ms
  _Delay_100ms
  L_end_Delay_1sec
  _Delay_1sec
  L_end_boot16_Delay_5ms
  _boot16_Delay_5ms
  L_end_Delay_Cyc
  _Delay_Cyc
  L_end_VDelay_ms
  _VDelay_ms
  L__VDelay_ms38
  L__VDelay_ms39
  L__VDelay_ms40
  L_end_VDelay_Advanced_ms
  _VDelay_Advanced_ms
  L__VDelay_Advanced_ms42
  L__VDelay_Advanced_ms43
  L__VDelay_Advanced_ms44
  L_Keypad_Key_Press0
  L_Keypad_Key_Press1
  L_Keypad_Key_Press2
  L_Keypad_Key_Press3
  L_Keypad_Key_Press4
  L_Keypad_Key_Click5
  L_Keypad_Key_Click6
  L_end_Keypad_Init
  _Keypad_Init
  L_end_Keypad_Key_Press
  _Keypad_Key_Press
  L_end_Keypad_Key_Click
  _Keypad_Key_Click
  L_Lcd_Cmd0
  L_Lcd_Cmd1
  L_Lcd_Out_CP2
  L_Lcd_Out_CP3
  L_Lcd_Chr4
  L_Lcd_Chr5
  L_Lcd_Chr6
  L_Lcd_Chr7
  L_Lcd_Chr8
  L_Lcd_Chr9
  L_Lcd_Chr10
  L_Lcd_Out11
  L_Lcd_Out12
  L_Lcd_Out13
  L_Lcd_Out14
  L_Lcd_Out15
  L_Lcd_Out16
  L_Lcd_Out17
  L_Lcd_Out18
  L_Lcd_Out19
  L_end_Lcd_Cmd
  _Lcd_Cmd
  L__Lcd_Cmd21
  L__Lcd_Cmd22
  L__Lcd_Cmd23
  L__Lcd_Cmd24
  L__Lcd_Cmd25
  L__Lcd_Cmd26
  L__Lcd_Cmd27
  L__Lcd_Cmd28
  L__Lcd_Cmd29
  L__Lcd_Cmd30
  L__Lcd_Cmd31
  L__Lcd_Cmd32
  L__Lcd_Cmd33
  L__Lcd_Cmd34
  L__Lcd_Cmd35
  L__Lcd_Cmd36
  L__Lcd_Cmd37
  L__Lcd_Cmd38
  L__Lcd_Cmd39
  L__Lcd_Cmd40
  L_end_Lcd_Chr_CP
  _Lcd_Chr_CP
  L_end_Lcd_Out_CP
  _Lcd_Out_CP
  L_end_Lcd_Chr
  _Lcd_Chr
  L_end_Lcd_Init
  _Lcd_Init
  L_end_Lcd_Out
  _Lcd_Out
  L_Div_16x16_S0
  L_Div_16x16_S1
  LOOPS3232A
  SADD22LA
  SOK22LA
  SADD22L8
  SOK22L8
  LOOPS3232B
  SADD22LB
  SOK22LB
  SADD22L16
  SOK22L16
  LOOPS3232C
  SADD22LC
  SOK22LC
  SADD22L24
  SOK22L24
  LOOPS3232D
  SADD22LD
  SOK22LD
  SOK22L
  L_Div_32x32_S6
  L_Div_32x32_S7
  L_Div_32x32_S8
  L_Div_32x32_S9
  FXD3232S
  END_ALL
  CA3232S
  C3232SX
  C3232SX1
  C3232S
  C3232S2
  C3232SX4
  C3232SOK
  C3232SX3
  C3232SX2
  avoid_comfrem
  LOOPU3232A
  UADD22LA
  UOK22LA
  UADD22L8
  UOK22L8
  LOOPU3232B
  UADD22LB
  UOK22LB
  UADD22L16
  UOK22L16
  LOOPU3232C
  UADD22LC
  UOK22LC
  UADD22L24
  UOK22L24
  LOOPU3232D
  UADD22LD
  UOK22LD
  UOK22L
  _NEXT
  _EXIT2
  _LOOP
  _EXIT1
  _IF_FIRST
  _IF_SECOND
  _INVERCE_FIRST
  _MULT
  _INBERSE_SECOND
  _EXIT
  L_end_Mul_8x8_U
  _Mul_8x8_U
  L_end_Mul_16x16_U
  _Mul_16x16_U
  L_end_Div_8x8_U
  _Div_8x8_U
  L_end_Div_16x16_U
  _Div_16x16_U
  L_end_Mul_8x8_S
  _Mul_8x8_S
  L_end_Mul_16x16_S
  _Mul_16x16_S
  L_end_Div_16x16_S_L
  _Div_16x16_S_L
  L_end_Div_16x16_S
  _Div_16x16_S
  L_end_Div_8x8_S
  _Div_8x8_S
  L_end_SDIV3232L
  _SDIV3232L
  L_end_COMFREM
  _COMFREM
  L_end_Div_32x32_S
  _Div_32x32_S
  L_end_Div_32x32_U
  _Div_32x32_U
  L_end_Mul_32x32_U
  _Mul_32x32_U
  L_end_Mul_32x32_S
  _Mul_32x32_S
  L_loopCA2AWs
  L_CA2AWend
  _CCA2AW_Loop1
  L_loopCS2Ss
  L_CS2Send
  _CCS2S_Loop1
  L_CCS2Send
  L_loopFZinSWs
  L_FZinSend
  _CC2D_Loop1
  L_end_____DoICP
  _____DoICP
  L_end_____DoIFC
  _____DoIFC
  L_end___CA2AW
  ___CA2AW
  L_end___CCA2AW
  ___CCA2AW
  L_end___CS2S
  ___CS2S
  L_end___CCS2S
  ___CCS2S
  L_end___FZinS
  ___FZinS
  L_end___CC2DW
  ___CC2DW
  L_end_Swap
  _Swap
  L_getDistance10
  L_getDistance11
  L_getDistance12
  L_getDistance13
  L_getDistance14
  L_getDistance15
  L_getDistance16
  L_getDistance27
  L_getDistance28
  L_getDistance29
  L_getDistance210
  L_getDistance211
  L_getDistance212
  L_getDistance213
  L_UpdateGarageLEDs14
  L_UpdateGarageLEDs15
  L_UpdateGarageLEDs16
  L_Servo_SetAngle17
  L_Servo_SetAngle18
  L_Servo_SetAngle19
  L_Servo_SetAngle20
  L_Servo_SetAngle21
  L_Servo_SetAngle22
  L_Turn_On_Servo23
  L_Turn_On_Servo24
  L_Turn_On_Servo25
  L_Turn_On_LCD26
  L_Turn_On_Keypad27
  L_Turn_On_Keypad28
  L_Turn_On_Keypad29
  L_Turn_On_Keypad30
  L_Turn_On_Ultrasonic31
  L_Turn_On_Ultrasonic32
  L_Get_Key_Char33
  L_Get_Key_Char34
  L_Get_Key_Char35
  L_Get_Key_Char36
  L_Get_Key_Char37
  L_Get_Key_Char38
  L_Get_Key_Char39
  L_Get_Key_Char40
  L_Get_Key_Char41
  L_Get_Key_Char42
  L_Get_Key_Char43
  L_Get_Key_Char44
  L_Get_Key_Char45
  L_Get_Key_Char46
  L_Get_Key_Char47
  L_Get_Key_Char48
  L_Get_Key_Char49
  L_Get_Key_Char50
  L_Get_Key_Char51
  L_Check_Password52
  L_Check_Password53
  L_Check_Password54
  L_Check_Password55
  L_Check_Password56
  L_Check_Password57
  L_Check_Password58
  L_Check_Password59
  L_Check_Password60
  L_Check_Password61
  L_Check_Password62
  L_Check_Password63
  L_Check_Password64
  L_Check_Password65
  L_Check_Password66
  L_Check_Password67
  L_main68
  L_main69
  L_main70
  L_end_getDistance1
  _getDistance1
  L__getDistance172
  L__getDistance173
  L_end_getDistance2
  _getDistance2
  L__getDistance275
  L__getDistance276
  L_end_UpdateGarageLEDs
  _UpdateGarageLEDs
  L__UpdateGarageLEDs78
  L__UpdateGarageLEDs79
  L_end_Servo_SetAngle
  _Servo_SetAngle
  L__Servo_SetAngle81
  L__Servo_SetAngle82
  L_end_Turn_On_Servo
  _Turn_On_Servo
  L__Turn_On_Servo84
  L_end_Turn_On_LCD
  _Turn_On_LCD
  L_end_Turn_On_Keypad
  _Turn_On_Keypad
  L_end_Turn_On_Ultrasonic
  _Turn_On_Ultrasonic
  L_end_Get_Key_Char
  _Get_Key_Char
  L_end_Check_Password
  _Check_Password
  L__Check_Password90
  L__Check_Password91
  L__Check_Password92
  L__Check_Password93
  L_end_main
  _main
  L_end_interrupt
  _interrupt
  L__interrupt96
